
 /----------------------------------------------------------------------------\
 |                                                                            |
 |  yosys -- Yosys Open SYnthesis Suite                                       |
 |                                                                            |
 |  Copyright (C) 2012 - 2020  Claire Xenia Wolf <claire@yosyshq.com>         |
 |                                                                            |
 |  Permission to use, copy, modify, and/or distribute this software for any  |
 |  purpose with or without fee is hereby granted, provided that the above    |
 |  copyright notice and this permission notice appear in all copies.         |
 |                                                                            |
 |  THE SOFTWARE IS PROVIDED "AS IS" AND THE AUTHOR DISCLAIMS ALL WARRANTIES  |
 |  WITH REGARD TO THIS SOFTWARE INCLUDING ALL IMPLIED WARRANTIES OF          |
 |  MERCHANTABILITY AND FITNESS. IN NO EVENT SHALL THE AUTHOR BE LIABLE FOR   |
 |  ANY SPECIAL, DIRECT, INDIRECT, OR CONSEQUENTIAL DAMAGES OR ANY DAMAGES    |
 |  WHATSOEVER RESULTING FROM LOSS OF USE, DATA OR PROFITS, WHETHER IN AN     |
 |  ACTION OF CONTRACT, NEGLIGENCE OR OTHER TORTIOUS ACTION, ARISING OUT OF   |
 |  OR IN CONNECTION WITH THE USE OR PERFORMANCE OF THIS SOFTWARE.            |
 |                                                                            |
 \----------------------------------------------------------------------------/

 Yosys 0.38 (git sha1 543faed9c8c, clang++ 16.0.6 -fPIC -Os)

Loaded SDC plugin
[TCL: yosys -import] Command name collision: found pre-existing command `cd' -> skip.
[TCL: yosys -import] Command name collision: found pre-existing command `eval' -> skip.
[TCL: yosys -import] Command name collision: found pre-existing command `exec' -> skip.
[TCL: yosys -import] Command name collision: found pre-existing command `read' -> skip.
[TCL: yosys -import] Command name collision: found pre-existing command `trace' -> skip.

1. Executing Liberty frontend: /home/rtsang/.volare/volare/sky130/versions/bdc9412b3e468c102d01b7cf6337be06ec6e9c9a/sky130A/libs.ref/sky130_fd_sc_hd/lib/sky130_fd_sc_hd__tt_025C_1v80.lib
Imported 428 cell types from liberty file.

2. Executing Verilog-2005 frontend: /home/rtsang/chipalooza/sky130_ajc_ip__por/openlane/por_dig/por_dig.v
Parsing SystemVerilog input from `/home/rtsang/chipalooza/sky130_ajc_ip__por/openlane/por_dig/por_dig.v' to AST representation.
Generating RTLIL representation for module `\por_dig'.
Note: Assuming pure combinatorial block at /home/rtsang/chipalooza/sky130_ajc_ip__por/openlane/por_dig/por_dig.v:31.3-42.6 in
compliance with IEC 62142(E):2005 / IEEE Std. 1364.1(E):2002. Recommending
use of @* instead of @(...) for better match of synthesis and simulation.
Successfully finished Verilog frontend.

3. Generating Graphviz representation of design.
Writing dot description to `/home/rtsang/chipalooza/sky130_ajc_ip__por/openlane/por_dig/runs/RUN_2024-04-15_08-19-42/06-yosys-synthesis/hierarchy.dot'.
Dumping module por_dig to page 1.

4. Executing HIERARCHY pass (managing design hierarchy).

4.1. Analyzing design hierarchy..
Top module:  \por_dig

4.2. Analyzing design hierarchy..
Top module:  \por_dig
Removed 0 unused modules.
Renaming module por_dig to por_dig.

5. Executing TRIBUF pass.

6. Executing HIERARCHY pass (managing design hierarchy).

6.1. Analyzing design hierarchy..
Top module:  \por_dig

6.2. Analyzing design hierarchy..
Top module:  \por_dig
Removed 0 unused modules.

7. Executing PROC_CLEAN pass (remove empty switches from decision trees).
Cleaned up 0 empty switches.

8. Executing PROC_RMDEAD pass (remove dead branches from decision trees).
Marked 1 switch rules as full_case in process $proc$/home/rtsang/chipalooza/sky130_ajc_ip__por/openlane/por_dig/por_dig.v:78$22 in module por_dig.
Marked 1 switch rules as full_case in process $proc$/home/rtsang/chipalooza/sky130_ajc_ip__por/openlane/por_dig/por_dig.v:62$11 in module por_dig.
Marked 1 switch rules as full_case in process $proc$/home/rtsang/chipalooza/sky130_ajc_ip__por/openlane/por_dig/por_dig.v:47$8 in module por_dig.
Removed 1 dead cases from process $proc$/home/rtsang/chipalooza/sky130_ajc_ip__por/openlane/por_dig/por_dig.v:31$7 in module por_dig.
Marked 1 switch rules as full_case in process $proc$/home/rtsang/chipalooza/sky130_ajc_ip__por/openlane/por_dig/por_dig.v:31$7 in module por_dig.
Removed a total of 1 dead cases.

9. Executing PROC_PRUNE pass (remove redundant assignments in processes).
Removed 4 redundant assignments.
Promoted 1 assignment to connection.

10. Executing PROC_INIT pass (extract init attributes).

11. Executing PROC_ARST pass (detect async resets in processes).
Found async reset \cnt_rsb in `\por_dig.$proc$/home/rtsang/chipalooza/sky130_ajc_ip__por/openlane/por_dig/por_dig.v:78$22'.
Found async reset \cnt_rsb in `\por_dig.$proc$/home/rtsang/chipalooza/sky130_ajc_ip__por/openlane/por_dig/por_dig.v:62$11'.
Found async reset \pwup_filt in `\por_dig.$proc$/home/rtsang/chipalooza/sky130_ajc_ip__por/openlane/por_dig/por_dig.v:47$8'.

12. Executing PROC_ROM pass (convert switches to ROMs).
Converted 1 switch.

13. Executing PROC_MUX pass (convert decision trees to multiplexers).
Creating decoders for process `\por_dig.$proc$/home/rtsang/chipalooza/sky130_ajc_ip__por/openlane/por_dig/por_dig.v:78$22'.
     1/1: $0\cnt_por[10:0]
Creating decoders for process `\por_dig.$proc$/home/rtsang/chipalooza/sky130_ajc_ip__por/openlane/por_dig/por_dig.v:62$11'.
     1/1: $0\cnt_st[5:0]
Creating decoders for process `\por_dig.$proc$/home/rtsang/chipalooza/sky130_ajc_ip__por/openlane/por_dig/por_dig.v:47$8'.
     1/2: $0\cnt_rsb[0:0]
     2/2: $0\cnt_rsb_stg1[0:0]
Creating decoders for process `\por_dig.$proc$/home/rtsang/chipalooza/sky130_ajc_ip__por/openlane/por_dig/por_dig.v:31$7'.
     1/1: $1\otrip_decoded[7:0]

14. Executing PROC_DLATCH pass (convert process syncs to latches).
No latch inferred for signal `\por_dig.\otrip_decoded' from process `\por_dig.$proc$/home/rtsang/chipalooza/sky130_ajc_ip__por/openlane/por_dig/por_dig.v:31$7'.

15. Executing PROC_DFF pass (convert process syncs to FFs).
Creating register for signal `\por_dig.\cnt_por' using process `\por_dig.$proc$/home/rtsang/chipalooza/sky130_ajc_ip__por/openlane/por_dig/por_dig.v:78$22'.
  created $adff cell `$procdff$35' with positive edge clock and negative level reset.
Creating register for signal `\por_dig.\cnt_st' using process `\por_dig.$proc$/home/rtsang/chipalooza/sky130_ajc_ip__por/openlane/por_dig/por_dig.v:62$11'.
  created $adff cell `$procdff$36' with positive edge clock and negative level reset.
Creating register for signal `\por_dig.\cnt_rsb_stg1' using process `\por_dig.$proc$/home/rtsang/chipalooza/sky130_ajc_ip__por/openlane/por_dig/por_dig.v:47$8'.
  created $adff cell `$procdff$37' with positive edge clock and negative level reset.
Creating register for signal `\por_dig.\cnt_rsb' using process `\por_dig.$proc$/home/rtsang/chipalooza/sky130_ajc_ip__por/openlane/por_dig/por_dig.v:47$8'.
  created $adff cell `$procdff$38' with positive edge clock and negative level reset.

16. Executing PROC_MEMWR pass (convert process memory writes to cells).

17. Executing PROC_CLEAN pass (remove empty switches from decision trees).
Removing empty process `por_dig.$proc$/home/rtsang/chipalooza/sky130_ajc_ip__por/openlane/por_dig/por_dig.v:78$22'.
Removing empty process `por_dig.$proc$/home/rtsang/chipalooza/sky130_ajc_ip__por/openlane/por_dig/por_dig.v:62$11'.
Removing empty process `por_dig.$proc$/home/rtsang/chipalooza/sky130_ajc_ip__por/openlane/por_dig/por_dig.v:47$8'.
Found and cleaned up 1 empty switch in `\por_dig.$proc$/home/rtsang/chipalooza/sky130_ajc_ip__por/openlane/por_dig/por_dig.v:31$7'.
Removing empty process `por_dig.$proc$/home/rtsang/chipalooza/sky130_ajc_ip__por/openlane/por_dig/por_dig.v:31$7'.
Cleaned up 1 empty switch.

18. Executing CHECK pass (checking for obvious problems).
Checking module por_dig...
Found and reported 0 problems.

19. Executing OPT_EXPR pass (perform const folding).
Optimizing module por_dig.
<suppressed ~2 debug messages>

20. Executing FLATTEN pass (flatten design).

21. Executing OPT_EXPR pass (perform const folding).
Optimizing module por_dig.

22. Executing OPT_CLEAN pass (remove unused cells and wires).
Finding unused cells or wires in module \por_dig..
Removed 3 unused cells and 17 unused wires.
<suppressed ~6 debug messages>

23. Executing OPT pass (performing simple optimizations).

23.1. Executing OPT_EXPR pass (perform const folding).
Optimizing module por_dig.

23.2. Executing OPT_MERGE pass (detect identical cells).
Finding identical cells in module `\por_dig'.
Removed a total of 0 cells.

23.3. Executing OPT_MUXTREE pass (detect dead branches in mux trees).
Running muxtree optimizer on module \por_dig..
  Creating internal representation of mux trees.
  Evaluating internal representation of mux trees.
  Analyzing evaluation results.
Removed 0 multiplexer ports.
<suppressed ~2 debug messages>

23.4. Executing OPT_REDUCE pass (consolidate $*mux and $reduce_* inputs).
  Optimizing cells in module \por_dig.
Performed a total of 0 changes.

23.5. Executing OPT_MERGE pass (detect identical cells).
Finding identical cells in module `\por_dig'.
Removed a total of 0 cells.

23.6. Executing OPT_DFF pass (perform DFF optimizations).

23.7. Executing OPT_CLEAN pass (remove unused cells and wires).
Finding unused cells or wires in module \por_dig..

23.8. Executing OPT_EXPR pass (perform const folding).
Optimizing module por_dig.

23.9. Finished OPT passes. (There is nothing left to do.)

24. Executing FSM pass (extract and optimize FSM).

24.1. Executing FSM_DETECT pass (finding FSMs in design).

24.2. Executing FSM_EXTRACT pass (extracting FSM from design).

24.3. Executing FSM_OPT pass (simple optimizations of FSMs).

24.4. Executing OPT_CLEAN pass (remove unused cells and wires).
Finding unused cells or wires in module \por_dig..

24.5. Executing FSM_OPT pass (simple optimizations of FSMs).

24.6. Executing FSM_RECODE pass (re-assigning FSM state encoding).

24.7. Executing FSM_INFO pass (dumping all available information on FSM cells).

24.8. Executing FSM_MAP pass (mapping FSMs to basic logic).

25. Executing OPT pass (performing simple optimizations).

25.1. Executing OPT_EXPR pass (perform const folding).
Optimizing module por_dig.

25.2. Executing OPT_MERGE pass (detect identical cells).
Finding identical cells in module `\por_dig'.
Removed a total of 0 cells.

25.3. Executing OPT_MUXTREE pass (detect dead branches in mux trees).
Running muxtree optimizer on module \por_dig..
  Creating internal representation of mux trees.
  Evaluating internal representation of mux trees.
  Analyzing evaluation results.
Removed 0 multiplexer ports.
<suppressed ~2 debug messages>

25.4. Executing OPT_REDUCE pass (consolidate $*mux and $reduce_* inputs).
  Optimizing cells in module \por_dig.
Performed a total of 0 changes.

25.5. Executing OPT_MERGE pass (detect identical cells).
Finding identical cells in module `\por_dig'.
Removed a total of 0 cells.

25.6. Executing OPT_DFF pass (perform DFF optimizations).
Adding EN signal on $procdff$36 ($adff) from module por_dig (D = $ternary$/home/rtsang/chipalooza/sky130_ajc_ip__por/openlane/por_dig/por_dig.v:66$16_Y [5:0], Q = \cnt_st).
Adding EN signal on $procdff$35 ($adff) from module por_dig (D = $ternary$/home/rtsang/chipalooza/sky130_ajc_ip__por/openlane/por_dig/por_dig.v:82$27_Y [10:0], Q = \cnt_por).

25.7. Executing OPT_CLEAN pass (remove unused cells and wires).
Finding unused cells or wires in module \por_dig..
Removed 2 unused cells and 4 unused wires.
<suppressed ~3 debug messages>

25.8. Executing OPT_EXPR pass (perform const folding).
Optimizing module por_dig.

25.9. Rerunning OPT passes. (Maybe there is more to do..)

25.10. Executing OPT_MUXTREE pass (detect dead branches in mux trees).
Running muxtree optimizer on module \por_dig..
  Creating internal representation of mux trees.
  Evaluating internal representation of mux trees.
  Analyzing evaluation results.
Removed 0 multiplexer ports.
<suppressed ~2 debug messages>

25.11. Executing OPT_REDUCE pass (consolidate $*mux and $reduce_* inputs).
  Optimizing cells in module \por_dig.
Performed a total of 0 changes.

25.12. Executing OPT_MERGE pass (detect identical cells).
Finding identical cells in module `\por_dig'.
Removed a total of 0 cells.

25.13. Executing OPT_DFF pass (perform DFF optimizations).

25.14. Executing OPT_CLEAN pass (remove unused cells and wires).
Finding unused cells or wires in module \por_dig..

25.15. Executing OPT_EXPR pass (perform const folding).
Optimizing module por_dig.

25.16. Finished OPT passes. (There is nothing left to do.)

26. Executing WREDUCE pass (reducing word size of cells).
Removed top 29 address bits (of 32) from memory init port por_dig.$auto$mem.cc:328:emit$33 ($auto$proc_rom.cc:150:do_switch$31).
Removed top 26 bits (of 32) from port A of cell por_dig.$add$/home/rtsang/chipalooza/sky130_ajc_ip__por/openlane/por_dig/por_dig.v:66$14 ($add).
Removed top 2 bits (of 6) from port B of cell por_dig.$add$/home/rtsang/chipalooza/sky130_ajc_ip__por/openlane/por_dig/por_dig.v:66$14 ($add).
Removed top 25 bits (of 32) from port Y of cell por_dig.$add$/home/rtsang/chipalooza/sky130_ajc_ip__por/openlane/por_dig/por_dig.v:66$14 ($add).
Removed top 31 bits (of 32) from port B of cell por_dig.$add$/home/rtsang/chipalooza/sky130_ajc_ip__por/openlane/por_dig/por_dig.v:66$15 ($add).
Removed top 25 bits (of 32) from port Y of cell por_dig.$add$/home/rtsang/chipalooza/sky130_ajc_ip__por/openlane/por_dig/por_dig.v:66$15 ($add).
Removed top 26 bits (of 32) from mux cell por_dig.$ternary$/home/rtsang/chipalooza/sky130_ajc_ip__por/openlane/por_dig/por_dig.v:66$16 ($mux).
Removed top 21 bits (of 32) from port A of cell por_dig.$add$/home/rtsang/chipalooza/sky130_ajc_ip__por/openlane/por_dig/por_dig.v:82$25 ($add).
Removed top 2 bits (of 11) from port B of cell por_dig.$add$/home/rtsang/chipalooza/sky130_ajc_ip__por/openlane/por_dig/por_dig.v:82$25 ($add).
Removed top 20 bits (of 32) from port Y of cell por_dig.$add$/home/rtsang/chipalooza/sky130_ajc_ip__por/openlane/por_dig/por_dig.v:82$25 ($add).
Removed top 31 bits (of 32) from port B of cell por_dig.$add$/home/rtsang/chipalooza/sky130_ajc_ip__por/openlane/por_dig/por_dig.v:82$26 ($add).
Removed top 20 bits (of 32) from port Y of cell por_dig.$add$/home/rtsang/chipalooza/sky130_ajc_ip__por/openlane/por_dig/por_dig.v:82$26 ($add).
Removed top 21 bits (of 32) from mux cell por_dig.$ternary$/home/rtsang/chipalooza/sky130_ajc_ip__por/openlane/por_dig/por_dig.v:82$27 ($mux).
Removed top 1 bits (of 7) from port Y of cell por_dig.$add$/home/rtsang/chipalooza/sky130_ajc_ip__por/openlane/por_dig/por_dig.v:66$14 ($add).
Removed top 1 bits (of 7) from port Y of cell por_dig.$add$/home/rtsang/chipalooza/sky130_ajc_ip__por/openlane/por_dig/por_dig.v:66$15 ($add).
Removed top 1 bits (of 12) from port Y of cell por_dig.$add$/home/rtsang/chipalooza/sky130_ajc_ip__por/openlane/por_dig/por_dig.v:82$25 ($add).
Removed top 1 bits (of 12) from port Y of cell por_dig.$add$/home/rtsang/chipalooza/sky130_ajc_ip__por/openlane/por_dig/por_dig.v:82$26 ($add).
Removed top 26 bits (of 32) from wire por_dig.$add$/home/rtsang/chipalooza/sky130_ajc_ip__por/openlane/por_dig/por_dig.v:66$14_Y.
Removed top 26 bits (of 32) from wire por_dig.$add$/home/rtsang/chipalooza/sky130_ajc_ip__por/openlane/por_dig/por_dig.v:66$15_Y.
Removed top 21 bits (of 32) from wire por_dig.$add$/home/rtsang/chipalooza/sky130_ajc_ip__por/openlane/por_dig/por_dig.v:82$25_Y.
Removed top 21 bits (of 32) from wire por_dig.$add$/home/rtsang/chipalooza/sky130_ajc_ip__por/openlane/por_dig/por_dig.v:82$26_Y.
Removed top 26 bits (of 32) from wire por_dig.$ternary$/home/rtsang/chipalooza/sky130_ajc_ip__por/openlane/por_dig/por_dig.v:66$16_Y.

27. Executing PEEPOPT pass (run peephole optimizers).

28. Executing OPT_CLEAN pass (remove unused cells and wires).
Finding unused cells or wires in module \por_dig..
Removed 0 unused cells and 5 unused wires.
<suppressed ~1 debug messages>

29. Executing ALUMACC pass (create $alu and $macc cells).
Extracting $alu and $macc cells in module por_dig:
  creating $macc model for $add$/home/rtsang/chipalooza/sky130_ajc_ip__por/openlane/por_dig/por_dig.v:66$14 ($add).
  creating $macc model for $add$/home/rtsang/chipalooza/sky130_ajc_ip__por/openlane/por_dig/por_dig.v:66$15 ($add).
  creating $macc model for $add$/home/rtsang/chipalooza/sky130_ajc_ip__por/openlane/por_dig/por_dig.v:82$25 ($add).
  creating $macc model for $add$/home/rtsang/chipalooza/sky130_ajc_ip__por/openlane/por_dig/por_dig.v:82$26 ($add).
  creating $alu model for $macc $add$/home/rtsang/chipalooza/sky130_ajc_ip__por/openlane/por_dig/por_dig.v:82$26.
  creating $alu model for $macc $add$/home/rtsang/chipalooza/sky130_ajc_ip__por/openlane/por_dig/por_dig.v:82$25.
  creating $alu model for $macc $add$/home/rtsang/chipalooza/sky130_ajc_ip__por/openlane/por_dig/por_dig.v:66$15.
  creating $alu model for $macc $add$/home/rtsang/chipalooza/sky130_ajc_ip__por/openlane/por_dig/por_dig.v:66$14.
  creating $alu cell for $add$/home/rtsang/chipalooza/sky130_ajc_ip__por/openlane/por_dig/por_dig.v:66$14: $auto$alumacc.cc:485:replace_alu$46
  creating $alu cell for $add$/home/rtsang/chipalooza/sky130_ajc_ip__por/openlane/por_dig/por_dig.v:66$15: $auto$alumacc.cc:485:replace_alu$49
  creating $alu cell for $add$/home/rtsang/chipalooza/sky130_ajc_ip__por/openlane/por_dig/por_dig.v:82$25: $auto$alumacc.cc:485:replace_alu$52
  creating $alu cell for $add$/home/rtsang/chipalooza/sky130_ajc_ip__por/openlane/por_dig/por_dig.v:82$26: $auto$alumacc.cc:485:replace_alu$55
  created 4 $alu and 0 $macc cells.

30. Executing SHARE pass (SAT-based resource sharing).

31. Executing OPT pass (performing simple optimizations).

31.1. Executing OPT_EXPR pass (perform const folding).
Optimizing module por_dig.

31.2. Executing OPT_MERGE pass (detect identical cells).
Finding identical cells in module `\por_dig'.
Removed a total of 0 cells.

31.3. Executing OPT_MUXTREE pass (detect dead branches in mux trees).
Running muxtree optimizer on module \por_dig..
  Creating internal representation of mux trees.
  Evaluating internal representation of mux trees.
  Analyzing evaluation results.
Removed 0 multiplexer ports.
<suppressed ~2 debug messages>

31.4. Executing OPT_REDUCE pass (consolidate $*mux and $reduce_* inputs).
  Optimizing cells in module \por_dig.
Performed a total of 0 changes.

31.5. Executing OPT_MERGE pass (detect identical cells).
Finding identical cells in module `\por_dig'.
Removed a total of 0 cells.

31.6. Executing OPT_DFF pass (perform DFF optimizations).

31.7. Executing OPT_CLEAN pass (remove unused cells and wires).
Finding unused cells or wires in module \por_dig..

31.8. Executing OPT_EXPR pass (perform const folding).
Optimizing module por_dig.

31.9. Finished OPT passes. (There is nothing left to do.)

32. Executing MEMORY pass.

32.1. Executing OPT_MEM pass (optimize memories).
Performed a total of 0 transformations.

32.2. Executing OPT_MEM_PRIORITY pass (removing unnecessary memory write priority relations).
Performed a total of 0 transformations.

32.3. Executing OPT_MEM_FEEDBACK pass (finding memory read-to-write feedback paths).

32.4. Executing MEMORY_BMUX2ROM pass (converting muxes to ROMs).

32.5. Executing MEMORY_DFF pass (merging $dff cells to $memrd).
Checking read port `$auto$proc_rom.cc:150:do_switch$31'[0] in module `\por_dig': no output FF found.
Checking read port address `$auto$proc_rom.cc:150:do_switch$31'[0] in module `\por_dig': no address FF found.

32.6. Executing OPT_CLEAN pass (remove unused cells and wires).
Finding unused cells or wires in module \por_dig..

32.7. Executing MEMORY_SHARE pass (consolidating $memrd/$memwr cells).

32.8. Executing OPT_MEM_WIDEN pass (optimize memories where all ports are wide).
Performed a total of 0 transformations.

32.9. Executing OPT_CLEAN pass (remove unused cells and wires).
Finding unused cells or wires in module \por_dig..

32.10. Executing MEMORY_COLLECT pass (generating $mem cells).

33. Executing OPT_CLEAN pass (remove unused cells and wires).
Finding unused cells or wires in module \por_dig..

34. Executing OPT pass (performing simple optimizations).

34.1. Executing OPT_EXPR pass (perform const folding).
Optimizing module por_dig.
<suppressed ~2 debug messages>

34.2. Executing OPT_MERGE pass (detect identical cells).
Finding identical cells in module `\por_dig'.
Removed a total of 0 cells.

34.3. Executing OPT_DFF pass (perform DFF optimizations).

34.4. Executing OPT_CLEAN pass (remove unused cells and wires).
Finding unused cells or wires in module \por_dig..

34.5. Finished fast OPT passes.

35. Executing MEMORY_MAP pass (converting memories to logic and flip-flops).
Mapping memory $auto$proc_rom.cc:150:do_switch$31 in module \por_dig:
  created 8 $dff cells and 0 static cells of width 8.
  read interface: 0 $dff and 7 $mux cells.
  write interface: 0 write mux blocks.

36. Executing OPT pass (performing simple optimizations).

36.1. Executing OPT_EXPR pass (perform const folding).
Optimizing module por_dig.

36.2. Executing OPT_MERGE pass (detect identical cells).
Finding identical cells in module `\por_dig'.
Removed a total of 0 cells.

36.3. Executing OPT_MUXTREE pass (detect dead branches in mux trees).
Running muxtree optimizer on module \por_dig..
  Creating internal representation of mux trees.
  Evaluating internal representation of mux trees.
  Analyzing evaluation results.
Removed 0 multiplexer ports.
<suppressed ~3 debug messages>

36.4. Executing OPT_REDUCE pass (consolidate $*mux and $reduce_* inputs).
  Optimizing cells in module \por_dig.
    Consolidated identical input bits for $mux cell $memory$auto$proc_rom.cc:150:do_switch$31$rdmux[0][2][2]$75:
      Old ports: A=8'00010000, B=8'00100000, Y=$memory$auto$proc_rom.cc:150:do_switch$31$rdmux[0][1][1]$a$67
      New ports: A=2'01, B=2'10, Y=$memory$auto$proc_rom.cc:150:do_switch$31$rdmux[0][1][1]$a$67 [5:4]
      New connections: { $memory$auto$proc_rom.cc:150:do_switch$31$rdmux[0][1][1]$a$67 [7:6] $memory$auto$proc_rom.cc:150:do_switch$31$rdmux[0][1][1]$a$67 [3:0] } = 6'000000
    Consolidated identical input bits for $mux cell $memory$auto$proc_rom.cc:150:do_switch$31$rdmux[0][2][1]$72:
      Old ports: A=8'00000100, B=8'00001000, Y=$memory$auto$proc_rom.cc:150:do_switch$31$rdmux[0][1][0]$b$65
      New ports: A=2'01, B=2'10, Y=$memory$auto$proc_rom.cc:150:do_switch$31$rdmux[0][1][0]$b$65 [3:2]
      New connections: { $memory$auto$proc_rom.cc:150:do_switch$31$rdmux[0][1][0]$b$65 [7:4] $memory$auto$proc_rom.cc:150:do_switch$31$rdmux[0][1][0]$b$65 [1:0] } = 6'000000
    Consolidated identical input bits for $mux cell $memory$auto$proc_rom.cc:150:do_switch$31$rdmux[0][2][0]$69:
      Old ports: A=8'00000001, B=8'00000010, Y=$memory$auto$proc_rom.cc:150:do_switch$31$rdmux[0][1][0]$a$64
      New ports: A=2'01, B=2'10, Y=$memory$auto$proc_rom.cc:150:do_switch$31$rdmux[0][1][0]$a$64 [1:0]
      New connections: $memory$auto$proc_rom.cc:150:do_switch$31$rdmux[0][1][0]$a$64 [7:2] = 6'000000
    Consolidated identical input bits for $mux cell $memory$auto$proc_rom.cc:150:do_switch$31$rdmux[0][2][3]$78:
      Old ports: A=8'01000000, B=8'10000000, Y=$memory$auto$proc_rom.cc:150:do_switch$31$rdmux[0][1][1]$b$68
      New ports: A=2'01, B=2'10, Y=$memory$auto$proc_rom.cc:150:do_switch$31$rdmux[0][1][1]$b$68 [7:6]
      New connections: $memory$auto$proc_rom.cc:150:do_switch$31$rdmux[0][1][1]$b$68 [5:0] = 6'000000
  Optimizing cells in module \por_dig.
    Consolidated identical input bits for $mux cell $memory$auto$proc_rom.cc:150:do_switch$31$rdmux[0][1][1]$66:
      Old ports: A=$memory$auto$proc_rom.cc:150:do_switch$31$rdmux[0][1][1]$a$67, B=$memory$auto$proc_rom.cc:150:do_switch$31$rdmux[0][1][1]$b$68, Y=$memory$auto$proc_rom.cc:150:do_switch$31$rdmux[0][0][0]$b$62
      New ports: A={ 2'00 $memory$auto$proc_rom.cc:150:do_switch$31$rdmux[0][1][1]$a$67 [5:4] }, B={ $memory$auto$proc_rom.cc:150:do_switch$31$rdmux[0][1][1]$b$68 [7:6] 2'00 }, Y=$memory$auto$proc_rom.cc:150:do_switch$31$rdmux[0][0][0]$b$62 [7:4]
      New connections: $memory$auto$proc_rom.cc:150:do_switch$31$rdmux[0][0][0]$b$62 [3:0] = 4'0000
    Consolidated identical input bits for $mux cell $memory$auto$proc_rom.cc:150:do_switch$31$rdmux[0][1][0]$63:
      Old ports: A=$memory$auto$proc_rom.cc:150:do_switch$31$rdmux[0][1][0]$a$64, B=$memory$auto$proc_rom.cc:150:do_switch$31$rdmux[0][1][0]$b$65, Y=$memory$auto$proc_rom.cc:150:do_switch$31$rdmux[0][0][0]$a$61
      New ports: A={ 2'00 $memory$auto$proc_rom.cc:150:do_switch$31$rdmux[0][1][0]$a$64 [1:0] }, B={ $memory$auto$proc_rom.cc:150:do_switch$31$rdmux[0][1][0]$b$65 [3:2] 2'00 }, Y=$memory$auto$proc_rom.cc:150:do_switch$31$rdmux[0][0][0]$a$61 [3:0]
      New connections: $memory$auto$proc_rom.cc:150:do_switch$31$rdmux[0][0][0]$a$61 [7:4] = 4'0000
  Optimizing cells in module \por_dig.
Performed a total of 6 changes.

36.5. Executing OPT_MERGE pass (detect identical cells).
Finding identical cells in module `\por_dig'.
<suppressed ~12 debug messages>
Removed a total of 4 cells.

36.6. Executing OPT_SHARE pass.

36.7. Executing OPT_DFF pass (perform DFF optimizations).

36.8. Executing OPT_CLEAN pass (remove unused cells and wires).
Finding unused cells or wires in module \por_dig..
Removed 0 unused cells and 12 unused wires.
<suppressed ~1 debug messages>

36.9. Executing OPT_EXPR pass (perform const folding).
Optimizing module por_dig.

36.10. Rerunning OPT passes. (Maybe there is more to do..)

36.11. Executing OPT_MUXTREE pass (detect dead branches in mux trees).
Running muxtree optimizer on module \por_dig..
  Creating internal representation of mux trees.
  Evaluating internal representation of mux trees.
  Analyzing evaluation results.
Removed 0 multiplexer ports.
<suppressed ~3 debug messages>

36.12. Executing OPT_REDUCE pass (consolidate $*mux and $reduce_* inputs).
  Optimizing cells in module \por_dig.
Performed a total of 0 changes.

36.13. Executing OPT_MERGE pass (detect identical cells).
Finding identical cells in module `\por_dig'.
Removed a total of 0 cells.

36.14. Executing OPT_SHARE pass.

36.15. Executing OPT_DFF pass (perform DFF optimizations).

36.16. Executing OPT_CLEAN pass (remove unused cells and wires).
Finding unused cells or wires in module \por_dig..

36.17. Executing OPT_EXPR pass (perform const folding).
Optimizing module por_dig.

36.18. Finished OPT passes. (There is nothing left to do.)

37. Executing TECHMAP pass (map to technology primitives).

37.1. Executing Verilog-2005 frontend: /nix/store/vn1kmwhr52wisnfkmn6fk9g15p3klzs0-yosys/bin/../share/yosys/techmap.v
Parsing Verilog input from `/nix/store/vn1kmwhr52wisnfkmn6fk9g15p3klzs0-yosys/bin/../share/yosys/techmap.v' to AST representation.
Generating RTLIL representation for module `\_90_simplemap_bool_ops'.
Generating RTLIL representation for module `\_90_simplemap_reduce_ops'.
Generating RTLIL representation for module `\_90_simplemap_logic_ops'.
Generating RTLIL representation for module `\_90_simplemap_compare_ops'.
Generating RTLIL representation for module `\_90_simplemap_various'.
Generating RTLIL representation for module `\_90_simplemap_registers'.
Generating RTLIL representation for module `\_90_shift_ops_shr_shl_sshl_sshr'.
Generating RTLIL representation for module `\_90_shift_shiftx'.
Generating RTLIL representation for module `\_90_fa'.
Generating RTLIL representation for module `\_90_lcu'.
Generating RTLIL representation for module `\_90_alu'.
Generating RTLIL representation for module `\_90_macc'.
Generating RTLIL representation for module `\_90_alumacc'.
Generating RTLIL representation for module `\$__div_mod_u'.
Generating RTLIL representation for module `\$__div_mod_trunc'.
Generating RTLIL representation for module `\_90_div'.
Generating RTLIL representation for module `\_90_mod'.
Generating RTLIL representation for module `\$__div_mod_floor'.
Generating RTLIL representation for module `\_90_divfloor'.
Generating RTLIL representation for module `\_90_modfloor'.
Generating RTLIL representation for module `\_90_pow'.
Generating RTLIL representation for module `\_90_pmux'.
Generating RTLIL representation for module `\_90_demux'.
Generating RTLIL representation for module `\_90_lut'.
Successfully finished Verilog frontend.

37.2. Continuing TECHMAP pass.
Using extmapper simplemap for cells of type $not.
Using extmapper simplemap for cells of type $logic_not.
Using extmapper simplemap for cells of type $and.
Using extmapper simplemap for cells of type $or.
Using extmapper simplemap for cells of type $mux.
Using extmapper simplemap for cells of type $eq.
Using template $paramod$32efbfac1c4dc57230cf86180788fdfd12e3b511\_90_alu for cells of type $alu.
Using template $paramod$3ef7d3dd227da7627a99c5e5a6a4deb817573e39\_90_alu for cells of type $alu.
Using template $paramod$2f5fb04daf2da94d981bf9455fa4454c6ec8b705\_90_alu for cells of type $alu.
Using extmapper simplemap for cells of type $adffe.
Using extmapper simplemap for cells of type $adff.
Using extmapper simplemap for cells of type $xor.
Using template $paramod\_90_lcu\WIDTH=32'00000000000000000000000000000110 for cells of type $lcu.
Using extmapper simplemap for cells of type $pos.
Using template $paramod\_90_lcu\WIDTH=32'00000000000000000000000000000011 for cells of type $lcu.
Using template $paramod\_90_lcu\WIDTH=32'00000000000000000000000000001011 for cells of type $lcu.
No more expansions possible.
<suppressed ~587 debug messages>

38. Executing OPT pass (performing simple optimizations).

38.1. Executing OPT_EXPR pass (perform const folding).
Optimizing module por_dig.
<suppressed ~144 debug messages>

38.2. Executing OPT_MERGE pass (detect identical cells).
Finding identical cells in module `\por_dig'.
<suppressed ~60 debug messages>
Removed a total of 20 cells.

38.3. Executing OPT_DFF pass (perform DFF optimizations).

38.4. Executing OPT_CLEAN pass (remove unused cells and wires).
Finding unused cells or wires in module \por_dig..
Removed 11 unused cells and 151 unused wires.
<suppressed ~12 debug messages>

38.5. Finished fast OPT passes.

39. Executing ABC pass (technology mapping using ABC).

39.1. Extracting gate netlist of module `\por_dig' to `<abc-temp-dir>/input.blif'..
Extracted 103 gates and 130 wires to a netlist network with 25 inputs and 31 outputs.

39.1.1. Executing ABC.
Running ABC command: "/nix/store/5bgsgwzww9f2z7wl7kga42xrf1vpmnql-yosys-abc/bin/abc" -s -f <abc-temp-dir>/abc.script 2>&1
ABC: ABC command line: "source <abc-temp-dir>/abc.script".
ABC: 
ABC: + read_blif <abc-temp-dir>/input.blif 
ABC: + read_library <abc-temp-dir>/stdcells.genlib 
ABC: Entered genlib library with 13 gates from file "<abc-temp-dir>/stdcells.genlib".
ABC: + strash 
ABC: + dretime 
ABC: + map 
ABC: + write_blif <abc-temp-dir>/output.blif 

39.1.2. Re-integrating ABC results.
ABC RESULTS:               AND cells:        5
ABC RESULTS:               NOR cells:        1
ABC RESULTS:              XNOR cells:        3
ABC RESULTS:               XOR cells:       16
ABC RESULTS:               MUX cells:        6
ABC RESULTS:             ORNOT cells:        7
ABC RESULTS:              NAND cells:        7
ABC RESULTS:               NOT cells:        6
ABC RESULTS:                OR cells:       13
ABC RESULTS:            ANDNOT cells:       27
ABC RESULTS:        internal signals:       74
ABC RESULTS:           input signals:       25
ABC RESULTS:          output signals:       31
Removing temp directory.

40. Executing OPT pass (performing simple optimizations).

40.1. Executing OPT_EXPR pass (perform const folding).
Optimizing module por_dig.
<suppressed ~10 debug messages>

40.2. Executing OPT_MERGE pass (detect identical cells).
Finding identical cells in module `\por_dig'.
Removed a total of 0 cells.

40.3. Executing OPT_DFF pass (perform DFF optimizations).

40.4. Executing OPT_CLEAN pass (remove unused cells and wires).
Finding unused cells or wires in module \por_dig..
Removed 1 unused cells and 77 unused wires.
<suppressed ~2 debug messages>

40.5. Finished fast OPT passes.

41. Executing HIERARCHY pass (managing design hierarchy).

41.1. Analyzing design hierarchy..
Top module:  \por_dig

41.2. Analyzing design hierarchy..
Top module:  \por_dig
Removed 0 unused modules.

42. Printing statistics.

=== por_dig ===

   Number of wires:                 94
   Number of wire bits:            118
   Number of public wires:          17
   Number of public wire bits:      41
   Number of memories:               0
   Number of memory bits:            0
   Number of processes:              0
   Number of cells:                109
     $_ANDNOT_                      27
     $_AND_                          5
     $_DFFE_PN0N_                    6
     $_DFFE_PN0P_                   11
     $_DFF_PN0_                      2
     $_MUX_                          6
     $_NAND_                         7
     $_NOR_                          1
     $_NOT_                          5
     $_ORNOT_                        7
     $_OR_                          13
     $_XNOR_                         3
     $_XOR_                         16

43. Executing CHECK pass (checking for obvious problems).
Checking module por_dig...
Found and reported 0 problems.

44. Generating Graphviz representation of design.
Writing dot description to `/home/rtsang/chipalooza/sky130_ajc_ip__por/openlane/por_dig/runs/RUN_2024-04-15_08-19-42/06-yosys-synthesis/post_techmap.dot'.
Dumping module por_dig to page 1.

45. Executing SHARE pass (SAT-based resource sharing).

46. Executing OPT pass (performing simple optimizations).

46.1. Executing OPT_EXPR pass (perform const folding).
Optimizing module por_dig.

46.2. Executing OPT_MERGE pass (detect identical cells).
Finding identical cells in module `\por_dig'.
Removed a total of 0 cells.

46.3. Executing OPT_MUXTREE pass (detect dead branches in mux trees).
Running muxtree optimizer on module \por_dig..
  Creating internal representation of mux trees.
  No muxes found in this module.
Removed 0 multiplexer ports.

46.4. Executing OPT_REDUCE pass (consolidate $*mux and $reduce_* inputs).
  Optimizing cells in module \por_dig.
Performed a total of 0 changes.

46.5. Executing OPT_MERGE pass (detect identical cells).
Finding identical cells in module `\por_dig'.
Removed a total of 0 cells.

46.6. Executing OPT_DFF pass (perform DFF optimizations).

46.7. Executing OPT_CLEAN pass (remove unused cells and wires).
Finding unused cells or wires in module \por_dig..

46.8. Executing OPT_EXPR pass (perform const folding).
Optimizing module por_dig.

46.9. Finished OPT passes. (There is nothing left to do.)

47. Executing OPT_CLEAN pass (remove unused cells and wires).
Finding unused cells or wires in module \por_dig..
{
   "creator": "Yosys 0.38 (git sha1 543faed9c8c, clang++ 16.0.6 -fPIC -Os)",
   "invocation": "stat -json -liberty /home/rtsang/chipalooza/sky130_ajc_ip__por/openlane/por_dig/runs/RUN_2024-04-15_08-19-42/tmp/66df82c73676444e9cb04270bb211b29.lib ",
   "modules": {
      "\\por_dig": {
         "num_wires":         94,
         "num_wire_bits":     118,
         "num_pub_wires":     17,
         "num_pub_wire_bits": 41,
         "num_memories":      0,
         "num_memory_bits":   0,
         "num_processes":     0,
         "num_cells":         109,
         "num_cells_by_type": {
            "$_ANDNOT_": 27,
            "$_AND_": 5,
            "$_DFFE_PN0N_": 6,
            "$_DFFE_PN0P_": 11,
            "$_DFF_PN0_": 2,
            "$_MUX_": 6,
            "$_NAND_": 7,
            "$_NOR_": 1,
            "$_NOT_": 5,
            "$_ORNOT_": 7,
            "$_OR_": 13,
            "$_XNOR_": 3,
            "$_XOR_": 16
         }
      }
   },
      "design": {
         "num_wires":         94,
         "num_wire_bits":     118,
         "num_pub_wires":     17,
         "num_pub_wire_bits": 41,
         "num_memories":      0,
         "num_memory_bits":   0,
         "num_processes":     0,
         "num_cells":         109,
         "num_cells_by_type": {
            "$_ANDNOT_": 27,
            "$_AND_": 5,
            "$_DFFE_PN0N_": 6,
            "$_DFFE_PN0P_": 11,
            "$_DFF_PN0_": 2,
            "$_MUX_": 6,
            "$_NAND_": 7,
            "$_NOR_": 1,
            "$_NOT_": 5,
            "$_ORNOT_": 7,
            "$_OR_": 13,
            "$_XNOR_": 3,
            "$_XOR_": 16
         }
      }
}

48. Printing statistics.

=== por_dig ===

   Number of wires:                 94
   Number of wire bits:            118
   Number of public wires:          17
   Number of public wire bits:      41
   Number of memories:               0
   Number of memory bits:            0
   Number of processes:              0
   Number of cells:                109
     $_ANDNOT_                      27
     $_AND_                          5
     $_DFFE_PN0N_                    6
     $_DFFE_PN0P_                   11
     $_DFF_PN0_                      2
     $_MUX_                          6
     $_NAND_                         7
     $_NOR_                          1
     $_NOT_                          5
     $_ORNOT_                        7
     $_OR_                          13
     $_XNOR_                         3
     $_XOR_                         16

   Area for cell type $_NOT_ is unknown!
   Area for cell type $_AND_ is unknown!
   Area for cell type $_NAND_ is unknown!
   Area for cell type $_OR_ is unknown!
   Area for cell type $_NOR_ is unknown!
   Area for cell type $_XOR_ is unknown!
   Area for cell type $_XNOR_ is unknown!
   Area for cell type $_ANDNOT_ is unknown!
   Area for cell type $_ORNOT_ is unknown!
   Area for cell type $_MUX_ is unknown!
   Area for cell type $_DFF_PN0_ is unknown!
   Area for cell type $_DFFE_PN0N_ is unknown!
   Area for cell type $_DFFE_PN0P_ is unknown!

mapping tbuf
[INFO] Applying tri-state buffer mapping from '/home/rtsang/.volare/volare/sky130/versions/bdc9412b3e468c102d01b7cf6337be06ec6e9c9a/sky130A/libs.tech/openlane/sky130_fd_sc_hd/tribuff_map.v'…

49. Executing TECHMAP pass (map to technology primitives).

49.1. Executing Verilog-2005 frontend: /home/rtsang/.volare/volare/sky130/versions/bdc9412b3e468c102d01b7cf6337be06ec6e9c9a/sky130A/libs.tech/openlane/sky130_fd_sc_hd/tribuff_map.v
Parsing Verilog input from `/home/rtsang/.volare/volare/sky130/versions/bdc9412b3e468c102d01b7cf6337be06ec6e9c9a/sky130A/libs.tech/openlane/sky130_fd_sc_hd/tribuff_map.v' to AST representation.
Generating RTLIL representation for module `\$_TBUF_'.
Successfully finished Verilog frontend.

49.2. Continuing TECHMAP pass.
No more expansions possible.
<suppressed ~3 debug messages>

50. Executing SIMPLEMAP pass (map simple cells to gate primitives).
[INFO] Applying latch mapping from '/home/rtsang/.volare/volare/sky130/versions/bdc9412b3e468c102d01b7cf6337be06ec6e9c9a/sky130A/libs.tech/openlane/sky130_fd_sc_hd/latch_map.v'…

51. Executing TECHMAP pass (map to technology primitives).

51.1. Executing Verilog-2005 frontend: /home/rtsang/.volare/volare/sky130/versions/bdc9412b3e468c102d01b7cf6337be06ec6e9c9a/sky130A/libs.tech/openlane/sky130_fd_sc_hd/latch_map.v
Parsing Verilog input from `/home/rtsang/.volare/volare/sky130/versions/bdc9412b3e468c102d01b7cf6337be06ec6e9c9a/sky130A/libs.tech/openlane/sky130_fd_sc_hd/latch_map.v' to AST representation.
Generating RTLIL representation for module `\$_DLATCH_P_'.
Generating RTLIL representation for module `\$_DLATCH_N_'.
Successfully finished Verilog frontend.

51.2. Continuing TECHMAP pass.
No more expansions possible.
<suppressed ~4 debug messages>

52. Executing SIMPLEMAP pass (map simple cells to gate primitives).

53. Executing DFFLIBMAP pass (mapping DFF cells to sequential cells from liberty file).
  cell sky130_fd_sc_hd__dfxtp_2 (noninv, pins=3, area=21.27) is a direct match for cell type $_DFF_P_.
  cell sky130_fd_sc_hd__dfrtp_2 (noninv, pins=4, area=26.28) is a direct match for cell type $_DFF_PN0_.
  cell sky130_fd_sc_hd__dfstp_2 (noninv, pins=4, area=26.28) is a direct match for cell type $_DFF_PN1_.
  cell sky130_fd_sc_hd__dfbbn_2 (noninv, pins=6, area=35.03) is a direct match for cell type $_DFFSR_NNN_.
  final dff cell mappings:
    unmapped dff cell: $_DFF_N_
    \sky130_fd_sc_hd__dfxtp_2 _DFF_P_ (.CLK( C), .D( D), .Q( Q));
    unmapped dff cell: $_DFF_NN0_
    unmapped dff cell: $_DFF_NN1_
    unmapped dff cell: $_DFF_NP0_
    unmapped dff cell: $_DFF_NP1_
    \sky130_fd_sc_hd__dfrtp_2 _DFF_PN0_ (.CLK( C), .D( D), .Q( Q), .RESET_B( R));
    \sky130_fd_sc_hd__dfstp_2 _DFF_PN1_ (.CLK( C), .D( D), .Q( Q), .SET_B( R));
    unmapped dff cell: $_DFF_PP0_
    unmapped dff cell: $_DFF_PP1_
    \sky130_fd_sc_hd__dfbbn_2 _DFFSR_NNN_ (.CLK_N( C), .D( D), .Q( Q), .Q_N(~Q), .RESET_B( R), .SET_B( S));
    unmapped dff cell: $_DFFSR_NNP_
    unmapped dff cell: $_DFFSR_NPN_
    unmapped dff cell: $_DFFSR_NPP_
    unmapped dff cell: $_DFFSR_PNN_
    unmapped dff cell: $_DFFSR_PNP_
    unmapped dff cell: $_DFFSR_PPN_
    unmapped dff cell: $_DFFSR_PPP_

53.1. Executing DFFLEGALIZE pass (convert FFs to types supported by the target).
Mapping DFF cells in module `\por_dig':
  mapped 19 $_DFF_PN0_ cells to \sky130_fd_sc_hd__dfrtp_2 cells.
{
   "creator": "Yosys 0.38 (git sha1 543faed9c8c, clang++ 16.0.6 -fPIC -Os)",
   "invocation": "stat -json -liberty /home/rtsang/chipalooza/sky130_ajc_ip__por/openlane/por_dig/runs/RUN_2024-04-15_08-19-42/tmp/66df82c73676444e9cb04270bb211b29.lib ",
   "modules": {
      "\\por_dig": {
         "num_wires":         111,
         "num_wire_bits":     135,
         "num_pub_wires":     17,
         "num_pub_wire_bits": 41,
         "num_memories":      0,
         "num_memory_bits":   0,
         "num_processes":     0,
         "num_cells":         126,
         "area":              499.228800,
         "num_cells_by_type": {
            "$_ANDNOT_": 27,
            "$_AND_": 5,
            "$_MUX_": 23,
            "$_NAND_": 7,
            "$_NOR_": 1,
            "$_NOT_": 5,
            "$_ORNOT_": 7,
            "$_OR_": 13,
            "$_XNOR_": 3,
            "$_XOR_": 16,
            "sky130_fd_sc_hd__dfrtp_2": 19
         }
      }
   },
      "design": {
         "num_wires":         111,
         "num_wire_bits":     135,
         "num_pub_wires":     17,
         "num_pub_wire_bits": 41,
         "num_memories":      0,
         "num_memory_bits":   0,
         "num_processes":     0,
         "num_cells":         126,
         "area":              499.228800,
         "num_cells_by_type": {
            "$_ANDNOT_": 27,
            "$_AND_": 5,
            "$_MUX_": 23,
            "$_NAND_": 7,
            "$_NOR_": 1,
            "$_NOT_": 5,
            "$_ORNOT_": 7,
            "$_OR_": 13,
            "$_XNOR_": 3,
            "$_XOR_": 16,
            "sky130_fd_sc_hd__dfrtp_2": 19
         }
      }
}

54. Printing statistics.

=== por_dig ===

   Number of wires:                111
   Number of wire bits:            135
   Number of public wires:          17
   Number of public wire bits:      41
   Number of memories:               0
   Number of memory bits:            0
   Number of processes:              0
   Number of cells:                126
     $_ANDNOT_                      27
     $_AND_                          5
     $_MUX_                         23
     $_NAND_                         7
     $_NOR_                          1
     $_NOT_                          5
     $_ORNOT_                        7
     $_OR_                          13
     $_XNOR_                         3
     $_XOR_                         16
     sky130_fd_sc_hd__dfrtp_2       19

   Area for cell type $_NOT_ is unknown!
   Area for cell type $_AND_ is unknown!
   Area for cell type $_NAND_ is unknown!
   Area for cell type $_OR_ is unknown!
   Area for cell type $_NOR_ is unknown!
   Area for cell type $_XOR_ is unknown!
   Area for cell type $_XNOR_ is unknown!
   Area for cell type $_ANDNOT_ is unknown!
   Area for cell type $_ORNOT_ is unknown!
   Area for cell type $_MUX_ is unknown!

   Chip area for module '\por_dig': 499.228800

[INFO] USING STRATEGY AREA 0

55. Executing ABC pass (technology mapping using ABC).

55.1. Extracting gate netlist of module `\por_dig' to `/run/user/1000/yosys-abc-507KJe/input.blif'..
Extracted 107 gates and 132 wires to a netlist network with 25 inputs and 30 outputs.

55.1.1. Executing ABC.
Running ABC command: "/nix/store/5bgsgwzww9f2z7wl7kga42xrf1vpmnql-yosys-abc/bin/abc" -s -f /run/user/1000/yosys-abc-507KJe/abc.script 2>&1
ABC: ABC command line: "source /run/user/1000/yosys-abc-507KJe/abc.script".
ABC: 
ABC: + read_blif /run/user/1000/yosys-abc-507KJe/input.blif 
ABC: + read_lib -w /home/rtsang/chipalooza/sky130_ajc_ip__por/openlane/por_dig/runs/RUN_2024-04-15_08-19-42/tmp/66df82c73676444e9cb04270bb211b29.lib 
ABC: Parsing finished successfully.  Parsing time =     0.09 sec
ABC: Scl_LibertyReadGenlib() skipped sequential cell "sky130_fd_sc_hd__dfbbn_2".
ABC: Scl_LibertyReadGenlib() skipped sequential cell "sky130_fd_sc_hd__dfrbp_2".
ABC: Scl_LibertyReadGenlib() skipped sequential cell "sky130_fd_sc_hd__dfrtp_2".
ABC: Scl_LibertyReadGenlib() skipped sequential cell "sky130_fd_sc_hd__dfrtp_4".
ABC: Scl_LibertyReadGenlib() skipped sequential cell "sky130_fd_sc_hd__dfsbp_2".
ABC: Scl_LibertyReadGenlib() skipped sequential cell "sky130_fd_sc_hd__dfstp_2".
ABC: Scl_LibertyReadGenlib() skipped sequential cell "sky130_fd_sc_hd__dfstp_4".
ABC: Scl_LibertyReadGenlib() skipped sequential cell "sky130_fd_sc_hd__dfxbp_2".
ABC: Scl_LibertyReadGenlib() skipped sequential cell "sky130_fd_sc_hd__dfxtp_2".
ABC: Scl_LibertyReadGenlib() skipped sequential cell "sky130_fd_sc_hd__dfxtp_4".
ABC: Scl_LibertyReadGenlib() skipped sequential cell "sky130_fd_sc_hd__dlxtn_1".
ABC: Scl_LibertyReadGenlib() skipped sequential cell "sky130_fd_sc_hd__dlxtn_2".
ABC: Scl_LibertyReadGenlib() skipped sequential cell "sky130_fd_sc_hd__dlxtn_4".
ABC: Scl_LibertyReadGenlib() skipped sequential cell "sky130_fd_sc_hd__dlxtp_1".
ABC: Scl_LibertyReadGenlib() skipped three-state cell "sky130_fd_sc_hd__ebufn_2".
ABC: Scl_LibertyReadGenlib() skipped three-state cell "sky130_fd_sc_hd__ebufn_4".
ABC: Scl_LibertyReadGenlib() skipped three-state cell "sky130_fd_sc_hd__ebufn_8".
ABC: Library "sky130_fd_sc_hd__tt_025C_1v80" from "/home/rtsang/chipalooza/sky130_ajc_ip__por/openlane/por_dig/runs/RUN_2024-04-15_08-19-42/tmp/66df82c73676444e9cb04270bb211b29.lib" has 175 cells (17 skipped: 14 seq; 3 tri-state; 0 no func; 0 dont_use).  Time =     0.13 sec
ABC: Memory =    9.54 MB. Time =     0.13 sec
ABC: Warning: Detected 2 multi-output gates (for example, "sky130_fd_sc_hd__fa_1").
ABC: + read_constr -v /home/rtsang/chipalooza/sky130_ajc_ip__por/openlane/por_dig/runs/RUN_2024-04-15_08-19-42/06-yosys-synthesis/synthesis.sdc 
ABC: Setting driving cell to be "sky130_fd_sc_hd__inv_2/Y".
ABC: Setting output load to be 33.442001.
ABC: + read_constr /home/rtsang/chipalooza/sky130_ajc_ip__por/openlane/por_dig/runs/RUN_2024-04-15_08-19-42/06-yosys-synthesis/synthesis.sdc 
ABC: + fx 
ABC: + mfs 
ABC: + strash 
ABC: + drf -l 
ABC: + balance 
ABC: + drw -l 
ABC: + drf -l 
ABC: + balance 
ABC: + drw -l 
ABC: + drw -l -z 
ABC: + balance 
ABC: + drf -l -z 
ABC: + drw -l -z 
ABC: + balance 
ABC: + retime -D -D 1000000 -M 5 
ABC: + scleanup 
ABC: Error: The network is combinational.
ABC: + fraig_store 
ABC: + balance 
ABC: + fraig_store 
ABC: + balance 
ABC: + drw -l 
ABC: + drf -l 
ABC: + balance 
ABC: + drw -l 
ABC: + drw -l -z 
ABC: + balance 
ABC: + drf -l -z 
ABC: + drw -l -z 
ABC: + balance 
ABC: + fraig_store 
ABC: + balance 
ABC: + drw -l 
ABC: + drf -l 
ABC: + balance 
ABC: + drw -l 
ABC: + drw -l -z 
ABC: + balance 
ABC: + drf -l -z 
ABC: + drw -l -z 
ABC: + balance 
ABC: + fraig_store 
ABC: + balance 
ABC: + drw -l 
ABC: + drf -l 
ABC: + balance 
ABC: + drw -l 
ABC: + drw -l -z 
ABC: + balance 
ABC: + drf -l -z 
ABC: + drw -l -z 
ABC: + balance 
ABC: + fraig_store 
ABC: + fraig_restore 
ABC: + amap -m -Q 0.1 -F 20 -A 20 -C 5000 
ABC: + retime -D -D 1000000 
ABC: + &get -n 
ABC: + &st 
ABC: + &dch 
ABC: + &nf 
ABC: + &put 
ABC: + 
ABC: + stime -p 
ABC: Cannot find the default PI driving cell (sky130_fd_sc_hd__inv_2/Y) in the library.
ABC: WireLoad = "none"  Gates =     63 (  7.9 %)   Cap = 17.1 ff (  1.4 %)   Area =      601.83 ( 90.5 %)   Delay =  2072.17 ps  ( 22.2 %)               
ABC: Path  0 --       8 : 0    5 pi                       A =   0.00  Df =   0.0   -0.0 ps  S =   0.0 ps  Cin =  0.0 ff  Cout =  10.7 ff  Cmax =   0.0 ff  G =    0  
ABC: Path  1 --      62 : 4    1 sky130_fd_sc_hd__or4b_2  A =  10.01  Df = 634.9 -468.2 ps  S =  91.6 ps  Cin =  1.5 ff  Cout =   1.6 ff  Cmax = 265.5 ff  G =  104  
ABC: Path  2 --      65 : 4   11 sky130_fd_sc_hd__or4bb_2 A =  12.51  Df =1360.7 -937.6 ps  S = 172.1 ps  Cin =  1.5 ff  Cout =  26.8 ff  Cmax = 312.2 ff  G = 1739  
ABC: Path  3 --      90 : 3    5 sky130_fd_sc_hd__and3b_2 A =  10.01  Df =1644.9 -738.1 ps  S =  78.6 ps  Cin =  1.5 ff  Cout =   9.9 ff  Cmax = 309.5 ff  G =  646  
ABC: Path  4 --      91 : 3    1 sky130_fd_sc_hd__mux2_1  A =  11.26  Df =2072.2 -231.8 ps  S = 300.2 ps  Cin =  2.3 ff  Cout =  33.4 ff  Cmax = 173.0 ff  G = 1465  
ABC: Start-point = pi7 (\cnt_por [0]).  End-point = po19 ($auto$rtlil.cc:2684:MuxGate$681).
ABC: + print_stats -m 
ABC: netlist                       : i/o =   25/   30  lat =    0  nd =    63  edge =    188  area =601.87  delay = 5.00  lev = 5
ABC: + write_blif /run/user/1000/yosys-abc-507KJe/output.blif 

55.1.2. Re-integrating ABC results.
ABC RESULTS:   sky130_fd_sc_hd__and4bb_2 cells:        1
ABC RESULTS:   sky130_fd_sc_hd__or4b_2 cells:        1
ABC RESULTS:   sky130_fd_sc_hd__or4bb_2 cells:        1
ABC RESULTS:   sky130_fd_sc_hd__nor3_2 cells:        1
ABC RESULTS:   sky130_fd_sc_hd__nor3b_2 cells:        3
ABC RESULTS:   sky130_fd_sc_hd__a31o_2 cells:        1
ABC RESULTS:   sky130_fd_sc_hd__inv_2 cells:        5
ABC RESULTS:   sky130_fd_sc_hd__or3b_2 cells:        2
ABC RESULTS:   sky130_fd_sc_hd__a211oi_2 cells:        1
ABC RESULTS:   sky130_fd_sc_hd__o21bai_2 cells:        2
ABC RESULTS:   sky130_fd_sc_hd__o21ai_2 cells:        1
ABC RESULTS:   sky130_fd_sc_hd__o311a_2 cells:        1
ABC RESULTS:   sky130_fd_sc_hd__nor2_2 cells:        1
ABC RESULTS:   sky130_fd_sc_hd__and3b_2 cells:        5
ABC RESULTS:   sky130_fd_sc_hd__mux2_1 cells:        1
ABC RESULTS:   sky130_fd_sc_hd__a32o_2 cells:        1
ABC RESULTS:   sky130_fd_sc_hd__o211a_2 cells:        3
ABC RESULTS:   sky130_fd_sc_hd__nand2_2 cells:        3
ABC RESULTS:   sky130_fd_sc_hd__o32a_2 cells:        1
ABC RESULTS:   sky130_fd_sc_hd__a21oi_2 cells:        2
ABC RESULTS:   sky130_fd_sc_hd__and2_2 cells:        4
ABC RESULTS:   sky130_fd_sc_hd__or2_2 cells:        2
ABC RESULTS:   sky130_fd_sc_hd__o2bb2a_2 cells:        2
ABC RESULTS:   sky130_fd_sc_hd__a22o_2 cells:        1
ABC RESULTS:   sky130_fd_sc_hd__and3_2 cells:        3
ABC RESULTS:   sky130_fd_sc_hd__o21ba_2 cells:        2
ABC RESULTS:   sky130_fd_sc_hd__and4_2 cells:        4
ABC RESULTS:   sky130_fd_sc_hd__a41o_2 cells:        2
ABC RESULTS:   sky130_fd_sc_hd__and2b_2 cells:        2
ABC RESULTS:   sky130_fd_sc_hd__xor2_2 cells:        4
ABC RESULTS:        internal signals:       77
ABC RESULTS:           input signals:       25
ABC RESULTS:          output signals:       30
Removing temp directory.

56. Executing SETUNDEF pass (replace undef values with defined constants).

57. Executing HILOMAP pass (mapping to constant drivers).
Warning: Selection "sky130_fd_sc_hd__conb_1" did not match any module.
Warning: Selection "LO" did not match any object.

58. Executing SPLITNETS pass (splitting up multi-bit signals).

59. Executing OPT_CLEAN pass (remove unused cells and wires).
Finding unused cells or wires in module \por_dig..
Removed 0 unused cells and 132 unused wires.
<suppressed ~1 debug messages>

60. Executing INSBUF pass (insert buffer cells for connected wires).

61. Executing CHECK pass (checking for obvious problems).
Checking module por_dig...
Found and reported 0 problems.
{
   "creator": "Yosys 0.38 (git sha1 543faed9c8c, clang++ 16.0.6 -fPIC -Os)",
   "invocation": "stat -json -liberty /home/rtsang/chipalooza/sky130_ajc_ip__por/openlane/por_dig/runs/RUN_2024-04-15_08-19-42/tmp/66df82c73676444e9cb04270bb211b29.lib ",
   "modules": {
      "\\por_dig": {
         "num_wires":         82,
         "num_wire_bits":     91,
         "num_pub_wires":     32,
         "num_pub_wire_bits": 41,
         "num_memories":      0,
         "num_memory_bits":   0,
         "num_processes":     0,
         "num_cells":         82,
         "area":              1101.056000,
         "num_cells_by_type": {
            "sky130_fd_sc_hd__a211oi_2": 1,
            "sky130_fd_sc_hd__a21oi_2": 2,
            "sky130_fd_sc_hd__a22o_2": 1,
            "sky130_fd_sc_hd__a31o_2": 1,
            "sky130_fd_sc_hd__a32o_2": 1,
            "sky130_fd_sc_hd__a41o_2": 2,
            "sky130_fd_sc_hd__and2_2": 4,
            "sky130_fd_sc_hd__and2b_2": 2,
            "sky130_fd_sc_hd__and3_2": 3,
            "sky130_fd_sc_hd__and3b_2": 5,
            "sky130_fd_sc_hd__and4_2": 4,
            "sky130_fd_sc_hd__and4bb_2": 1,
            "sky130_fd_sc_hd__dfrtp_2": 19,
            "sky130_fd_sc_hd__inv_2": 5,
            "sky130_fd_sc_hd__mux2_1": 1,
            "sky130_fd_sc_hd__nand2_2": 3,
            "sky130_fd_sc_hd__nor2_2": 1,
            "sky130_fd_sc_hd__nor3_2": 1,
            "sky130_fd_sc_hd__nor3b_2": 3,
            "sky130_fd_sc_hd__o211a_2": 3,
            "sky130_fd_sc_hd__o21ai_2": 1,
            "sky130_fd_sc_hd__o21ba_2": 2,
            "sky130_fd_sc_hd__o21bai_2": 2,
            "sky130_fd_sc_hd__o2bb2a_2": 2,
            "sky130_fd_sc_hd__o311a_2": 1,
            "sky130_fd_sc_hd__o32a_2": 1,
            "sky130_fd_sc_hd__or2_2": 2,
            "sky130_fd_sc_hd__or3b_2": 2,
            "sky130_fd_sc_hd__or4b_2": 1,
            "sky130_fd_sc_hd__or4bb_2": 1,
            "sky130_fd_sc_hd__xor2_2": 4
         }
      }
   },
      "design": {
         "num_wires":         82,
         "num_wire_bits":     91,
         "num_pub_wires":     32,
         "num_pub_wire_bits": 41,
         "num_memories":      0,
         "num_memory_bits":   0,
         "num_processes":     0,
         "num_cells":         82,
         "area":              1101.056000,
         "num_cells_by_type": {
            "sky130_fd_sc_hd__a211oi_2": 1,
            "sky130_fd_sc_hd__a21oi_2": 2,
            "sky130_fd_sc_hd__a22o_2": 1,
            "sky130_fd_sc_hd__a31o_2": 1,
            "sky130_fd_sc_hd__a32o_2": 1,
            "sky130_fd_sc_hd__a41o_2": 2,
            "sky130_fd_sc_hd__and2_2": 4,
            "sky130_fd_sc_hd__and2b_2": 2,
            "sky130_fd_sc_hd__and3_2": 3,
            "sky130_fd_sc_hd__and3b_2": 5,
            "sky130_fd_sc_hd__and4_2": 4,
            "sky130_fd_sc_hd__and4bb_2": 1,
            "sky130_fd_sc_hd__dfrtp_2": 19,
            "sky130_fd_sc_hd__inv_2": 5,
            "sky130_fd_sc_hd__mux2_1": 1,
            "sky130_fd_sc_hd__nand2_2": 3,
            "sky130_fd_sc_hd__nor2_2": 1,
            "sky130_fd_sc_hd__nor3_2": 1,
            "sky130_fd_sc_hd__nor3b_2": 3,
            "sky130_fd_sc_hd__o211a_2": 3,
            "sky130_fd_sc_hd__o21ai_2": 1,
            "sky130_fd_sc_hd__o21ba_2": 2,
            "sky130_fd_sc_hd__o21bai_2": 2,
            "sky130_fd_sc_hd__o2bb2a_2": 2,
            "sky130_fd_sc_hd__o311a_2": 1,
            "sky130_fd_sc_hd__o32a_2": 1,
            "sky130_fd_sc_hd__or2_2": 2,
            "sky130_fd_sc_hd__or3b_2": 2,
            "sky130_fd_sc_hd__or4b_2": 1,
            "sky130_fd_sc_hd__or4bb_2": 1,
            "sky130_fd_sc_hd__xor2_2": 4
         }
      }
}

62. Printing statistics.

=== por_dig ===

   Number of wires:                 82
   Number of wire bits:             91
   Number of public wires:          32
   Number of public wire bits:      41
   Number of memories:               0
   Number of memory bits:            0
   Number of processes:              0
   Number of cells:                 82
     sky130_fd_sc_hd__a211oi_2       1
     sky130_fd_sc_hd__a21oi_2        2
     sky130_fd_sc_hd__a22o_2         1
     sky130_fd_sc_hd__a31o_2         1
     sky130_fd_sc_hd__a32o_2         1
     sky130_fd_sc_hd__a41o_2         2
     sky130_fd_sc_hd__and2_2         4
     sky130_fd_sc_hd__and2b_2        2
     sky130_fd_sc_hd__and3_2         3
     sky130_fd_sc_hd__and3b_2        5
     sky130_fd_sc_hd__and4_2         4
     sky130_fd_sc_hd__and4bb_2       1
     sky130_fd_sc_hd__dfrtp_2       19
     sky130_fd_sc_hd__inv_2          5
     sky130_fd_sc_hd__mux2_1         1
     sky130_fd_sc_hd__nand2_2        3
     sky130_fd_sc_hd__nor2_2         1
     sky130_fd_sc_hd__nor3_2         1
     sky130_fd_sc_hd__nor3b_2        3
     sky130_fd_sc_hd__o211a_2        3
     sky130_fd_sc_hd__o21ai_2        1
     sky130_fd_sc_hd__o21ba_2        2
     sky130_fd_sc_hd__o21bai_2       2
     sky130_fd_sc_hd__o2bb2a_2       2
     sky130_fd_sc_hd__o311a_2        1
     sky130_fd_sc_hd__o32a_2         1
     sky130_fd_sc_hd__or2_2          2
     sky130_fd_sc_hd__or3b_2         2
     sky130_fd_sc_hd__or4b_2         1
     sky130_fd_sc_hd__or4bb_2        1
     sky130_fd_sc_hd__xor2_2         4

   Chip area for module '\por_dig': 1101.056000

63. Executing Verilog backend.
Dumping module `\por_dig'.

64. Executing JSON backend.

Warnings: 2 unique messages, 2 total
End of script. Logfile hash: 620375048a, CPU: user 1.56s system 0.03s, MEM: 54.50 MB peak
Yosys 0.38 (git sha1 543faed9c8c, clang++ 16.0.6 -fPIC -Os)
Time spent: 39% 7x stat (0 sec), 21% 2x abc (0 sec), ...
