
===========================================================================
report_checks -unconstrained
===========================================================================
======================= nom_tt_025C_1v80 Corner ===================================

Startpoint: pwup_filt (input port clocked by osc_ck)
Endpoint: _137_ (recovery check against rising-edge clock osc_ck)
Path Group: asynchronous
Path Type: max

Fanout         Cap        Slew       Delay        Time   Description
---------------------------------------------------------------------------------------------
                                  0.000000    0.000000   clock osc_ck (rise edge)
                                  0.000000    0.000000   clock network delay (propagated)
                                200.000000  200.000000 ^ input external delay
     1    0.002191    0.017702    0.008157  200.008148 ^ pwup_filt (in)
                                                         pwup_filt (net)
                      0.017702    0.000000  200.008148 ^ input8/A (sky130_fd_sc_hd__buf_1)
     3    0.008658    0.112295    0.117808  200.125961 ^ input8/X (sky130_fd_sc_hd__buf_1)
                                                         net8 (net)
                      0.112295    0.000000  200.125961 ^ _137_/RESET_B (sky130_fd_sc_hd__dfrtp_1)
                                            200.125961   data arrival time

                               1000.000000 1000.000000   clock osc_ck (rise edge)
                                  0.000000 1000.000000   clock source latency
     1    0.007894    0.043275    0.027171 1000.027222 ^ osc_ck (in)
                                                         osc_ck (net)
                      0.043275    0.000000 1000.027222 ^ clkbuf_0_osc_ck/A (sky130_fd_sc_hd__clkbuf_16)
     2    0.015788    0.039241    0.120849 1000.148071 ^ clkbuf_0_osc_ck/X (sky130_fd_sc_hd__clkbuf_16)
                                                         clknet_0_osc_ck (net)
                      0.039241    0.000000 1000.148071 ^ clkbuf_1_0__f_osc_ck/A (sky130_fd_sc_hd__clkbuf_16)
     9    0.016839    0.040237    0.120281 1000.268311 ^ clkbuf_1_0__f_osc_ck/X (sky130_fd_sc_hd__clkbuf_16)
                                                         clknet_1_0__leaf_osc_ck (net)
                      0.040237    0.000000 1000.268311 ^ _137_/CLK (sky130_fd_sc_hd__dfrtp_1)
                                 -0.250000 1000.018311   clock uncertainty
                                  0.000000 1000.018311   clock reconvergence pessimism
                                  0.211437 1000.229797   library recovery time
                                           1000.229797   data required time
---------------------------------------------------------------------------------------------
                                           1000.229797   data required time
                                           -200.125961   data arrival time
---------------------------------------------------------------------------------------------
                                            800.103821   slack (MET)


Startpoint: pwup_filt (input port clocked by osc_ck)
Endpoint: osc_ena (output port clocked by osc_ck)
Path Group: osc_ck
Path Type: max

Fanout         Cap        Slew       Delay        Time   Description
---------------------------------------------------------------------------------------------
                                  0.000000    0.000000   clock osc_ck (rise edge)
                                  0.000000    0.000000   clock network delay (propagated)
                                200.000000  200.000000 ^ input external delay
     1    0.002191    0.017702    0.008157  200.008148 ^ pwup_filt (in)
                                                         pwup_filt (net)
                      0.017702    0.000000  200.008148 ^ input8/A (sky130_fd_sc_hd__buf_1)
     3    0.008658    0.112295    0.117808  200.125961 ^ input8/X (sky130_fd_sc_hd__buf_1)
                                                         net8 (net)
                      0.112295    0.000000  200.125961 ^ _074_/C_N (sky130_fd_sc_hd__or3b_1)
     1    0.002291    0.063234    0.345892  200.471848 v _074_/X (sky130_fd_sc_hd__or3b_1)
                                                         _038_ (net)
                      0.063234    0.000000  200.471848 v _075_/B (sky130_fd_sc_hd__nand2b_1)
     1    0.001807    0.042302    0.065469  200.537323 ^ _075_/Y (sky130_fd_sc_hd__nand2b_1)
                                                         net10 (net)
                      0.042302    0.000000  200.537323 ^ output10/A (sky130_fd_sc_hd__buf_2)
     1    0.033442    0.168764    0.194660  200.731979 ^ output10/X (sky130_fd_sc_hd__buf_2)
                                                         osc_ena (net)
                      0.168764    0.000000  200.731979 ^ osc_ena (out)
                                            200.731979   data arrival time

                               1000.000000 1000.000000   clock osc_ck (rise edge)
                                  0.000000 1000.000000   clock network delay (propagated)
                                 -0.250000  999.750000   clock uncertainty
                                  0.000000  999.750000   clock reconvergence pessimism
                               -200.000000  799.750061   output external delay
                                            799.750061   data required time
---------------------------------------------------------------------------------------------
                                            799.750061   data required time
                                           -200.731979   data arrival time
---------------------------------------------------------------------------------------------
                                            599.018066   slack (MET)




===========================================================================
report_checks --slack_max -0.01
============================================================================
======================= nom_tt_025C_1v80 Corner ===================================

No paths found.


===========================================================================
 report_check_types -max_slew -max_cap -max_fanout -violators
============================================================================
======================= nom_tt_025C_1v80 Corner ===================================



===========================================================================
report_parasitic_annotation -report_unannotated
============================================================================
Found 124 unannotated drivers.
 force_dis_rc_osc
 force_ena_rc_osc
 force_pdn
 force_short_oneshot
 osc_ck
 otrip[0]
 otrip[1]
 otrip[2]
 pwup_filt
 _054_/Y
 _055_/Y
 _056_/X
 _057_/X
 _058_/Y
 _059_/X
 _060_/X
 _061_/Y
 _062_/Y
 _063_/Y
 _064_/Y
 _065_/Y
 _066_/Y
 _067_/Y
 _068_/Y
 _069_/X
 _070_/Y
 _071_/X
 _072_/X
 _073_/X
 _074_/X
 _075_/Y
 _076_/X
 _077_/Y
 _078_/Y
 _079_/X
 _080_/X
 _081_/Y
 _082_/Y
 _083_/Y
 _084_/X
 _085_/X
 _086_/X
 _087_/X
 _088_/X
 _089_/Y
 _090_/X
 _091_/X
 _092_/Y
 _093_/Y
 _094_/X
 _095_/Y
 _096_/Y
 _097_/X
 _098_/X
 _099_/X
 _100_/Y
 _101_/X
 _102_/X
 _103_/Y
 _104_/Y
 _105_/X
 _106_/Y
 _107_/X
 _108_/X
 _109_/Y
 _110_/X
 _111_/Y
 _112_/X
 _113_/Y
 _114_/X
 _115_/Y
 _116_/X
 _117_/Y
 _118_/X
 _119_/X
 _120_/X
 _121_/Q
 _122_/Q
 _123_/Q
 _124_/Q
 _125_/Q
 _126_/Q
 _127_/Q
 _128_/Q
 _129_/Q
 _130_/Q
 _131_/Q
 _132_/Q
 _133_/Q
 _134_/Q
 _135_/Q
 _136_/Q
 _137_/Q
 _137__26/HI
 _137__26/LO
 _138_/Q
 clkbuf_0_osc_ck/X
 clkbuf_1_0__f_osc_ck/X
 clkbuf_1_1__f_osc_ck/X
 fanout22/X
 fanout23/X
 fanout24/X
 fanout25/X
 input1/X
 input2/X
 input3/X
 input4/X
 input5/X
 input6/X
 input7/X
 input8/X
 output10/X
 output11/X
 output12/X
 output13/X
 output14/X
 output15/X
 output16/X
 output17/X
 output18/X
 output19/X
 output20/X
 output21/X
 output9/X
Found 0 partially unannotated drivers.

===========================================================================
max slew violation count 0
Writing metric design__max_slew_violation__count__corner:nom_tt_025C_1v80: 0
max fanout violation count 0
Writing metric design__max_fanout_violation__count__corner:nom_tt_025C_1v80: 0
max cap violation count 0
Writing metric design__max_cap_violation__count__corner:nom_tt_025C_1v80: 0
============================================================================

===========================================================================
check_setup -verbose -unconstrained_endpoints -multiple_clock -no_clock -no_input_delay -loops -generated_clocks
===========================================================================
Warning: There is 1 unconstrained endpoint.
  _137_/D
