Reading OpenROAD database at '/home/rtsang/chipalooza/sky130_ajc_ip__por/openlane/por_dig/runs/RUN_2024-04-12_21-04-44/19-openroad-ioplacement/por_dig.odb'…
Reading library file at '/home/rtsang/.volare/volare/sky130/versions/bdc9412b3e468c102d01b7cf6337be06ec6e9c9a/sky130A/libs.ref/sky130_fd_sc_hd/lib/sky130_fd_sc_hd__tt_025C_1v80.lib'…
Reading design constraints file at '/nix/store/gz2n27iaqigc0pl644jsbk5cn7v7gs6p-python3-3.11.6-env/lib/python3.11/site-packages/openlane/scripts/base.sdc'…
[INFO] Using clock osc_ck…
[INFO] Setting output delay to: 200
[INFO] Setting input delay to: 200
[INFO] Setting load to: 0.033442
[INFO] Setting clock uncertainty to: 0.25
[INFO] Setting clock transition to: 0.1499999999999999944488848768742172978818416595458984375
[INFO] Setting timing derate to: 5%
[INFO] Setting RC values…
[INFO] Setting signal min routing layer to: met1 and clock min routing layer to met1. 
[INFO] Setting signal max routing layer to: met5 and clock max routing layer to met5. 
{*}-density 0.83 -timing_driven -routability_driven -pad_right 0 -pad_left 0 -init_wirelength_coef 0.25
[INFO GPL-0002] DBU: 1000
[INFO GPL-0003] SiteSize: 460 2720
[INFO GPL-0004] CoreAreaLxLy: 5520 10880
[INFO GPL-0005] CoreAreaUxUy: 51980 57120
[INFO GPL-0006] NumInstances: 148
[INFO GPL-0007] NumPlaceInstances: 86
[INFO GPL-0008] NumFixedInstances: 62
[INFO GPL-0009] NumDummyInstances: 0
[INFO GPL-0010] NumNets: 95
[INFO GPL-0011] NumPins: 359
[INFO GPL-0012] DieAreaLxLy: 0 0
[INFO GPL-0013] DieAreaUxUy: 57700 68420
[INFO GPL-0014] CoreAreaLxLy: 5520 10880
[INFO GPL-0015] CoreAreaUxUy: 51980 57120
[INFO GPL-0016] CoreArea: 2148310400
[INFO GPL-0017] NonPlaceInstsArea: 162656000
[INFO GPL-0018] PlaceInstsArea: 1092297600
[INFO GPL-0019] Util(%): 55.01
[INFO GPL-0020] StdInstsArea: 1092297600
[INFO GPL-0021] MacroInstsArea: 0
[InitialPlace]  Iter: 1 CG residual: 0.00000008 HPWL: 1790842
[InitialPlace]  Iter: 2 CG residual: 0.00000010 HPWL: 1218330
[InitialPlace]  Iter: 3 CG residual: 0.00000012 HPWL: 1197773
[InitialPlace]  Iter: 4 CG residual: 0.00000009 HPWL: 1191183
[InitialPlace]  Iter: 5 CG residual: 0.00000009 HPWL: 1181176
[INFO GPL-0031] FillerInit: NumGCells: 131
[INFO GPL-0032] FillerInit: NumGNets: 95
[INFO GPL-0033] FillerInit: NumGPins: 359
[INFO GPL-0023] TargetDensity: 0.83
[INFO GPL-0024] AveragePlaceInstArea: 12701134
[INFO GPL-0025] IdealBinArea: 15302571
[INFO GPL-0026] IdealBinCnt: 140
[INFO GPL-0027] TotalBinArea: 2148310400
[INFO GPL-0028] BinCnt: 8 8
[INFO GPL-0029] BinSize: 5808 5780
[INFO GPL-0030] NumBins: 64
[NesterovSolve] Iter: 1 overflow: 0.723962 HPWL: 689109
[INFO GPL-0100] worst slack 5.99e-07
[INFO GPL-0103] Weighted 9 nets.
[NesterovSolve] Iter: 10 overflow: 0.68903 HPWL: 695815
[NesterovSolve] Iter: 20 overflow: 0.665893 HPWL: 696567
[NesterovSolve] Iter: 30 overflow: 0.643792 HPWL: 696681
[INFO GPL-0100] worst slack 5.99e-07
[INFO GPL-0103] Weighted 9 nets.
[NesterovSolve] Iter: 40 overflow: 0.62664 HPWL: 696784
[NesterovSolve] Iter: 50 overflow: 0.630177 HPWL: 697559
[NesterovSolve] Iter: 60 overflow: 0.629133 HPWL: 698442
[NesterovSolve] Iter: 70 overflow: 0.62962 HPWL: 698569
[NesterovSolve] Iter: 80 overflow: 0.629647 HPWL: 698198
[NesterovSolve] Iter: 90 overflow: 0.62838 HPWL: 698067
[NesterovSolve] Iter: 100 overflow: 0.627019 HPWL: 697950
[NesterovSolve] Iter: 110 overflow: 0.625797 HPWL: 697898
[NesterovSolve] Iter: 120 overflow: 0.623787 HPWL: 698093
[NesterovSolve] Iter: 130 overflow: 0.62357 HPWL: 698756
[NesterovSolve] Iter: 140 overflow: 0.623137 HPWL: 700307
[NesterovSolve] Iter: 150 overflow: 0.618856 HPWL: 702685
[NesterovSolve] Iter: 160 overflow: 0.608808 HPWL: 707172
[NesterovSolve] Snapshot saved at iter = 165
[NesterovSolve] Iter: 170 overflow: 0.591572 HPWL: 716233
[NesterovSolve] Iter: 180 overflow: 0.590446 HPWL: 731107
[NesterovSolve] Iter: 190 overflow: 0.573165 HPWL: 751857
[NesterovSolve] Iter: 200 overflow: 0.542556 HPWL: 763265
[NesterovSolve] Iter: 210 overflow: 0.495968 HPWL: 787874
[INFO GPL-0100] worst slack 5.99e-07
[INFO GPL-0103] Weighted 9 nets.
[NesterovSolve] Iter: 220 overflow: 0.447771 HPWL: 809214
[NesterovSolve] Iter: 230 overflow: 0.411356 HPWL: 832918
[NesterovSolve] Iter: 240 overflow: 0.375612 HPWL: 863553
[NesterovSolve] Iter: 250 overflow: 0.32965 HPWL: 889244
[NesterovSolve] Iter: 260 overflow: 0.297859 HPWL: 912430
[INFO GPL-0100] worst slack 5.99e-07
[INFO GPL-0103] Weighted 7 nets.
[NesterovSolve] Iter: 270 overflow: 0.264402 HPWL: 935249
[NesterovSolve] Iter: 280 overflow: 0.220834 HPWL: 954857
[INFO GPL-0100] worst slack 5.99e-07
[INFO GPL-0103] Weighted 8 nets.
[NesterovSolve] Iter: 290 overflow: 0.199941 HPWL: 973840
[INFO GPL-0075] Routability numCall: 1 inflationIterCnt: 1 bloatIterCnt: 0
[INFO GPL-0036] TileLxLy: 0 0
[INFO GPL-0037] TileSize: 6900 6900
[INFO GPL-0038] TileCnt: 8 9
[INFO GPL-0039] numRoutingLayers: 6
[INFO GPL-0040] NumTiles: 72
[INFO GPL-0063] TotalRouteOverflowH2: 0
[INFO GPL-0064] TotalRouteOverflowV2: 0
[INFO GPL-0065] OverflowTileCnt2: 0
[INFO GPL-0066] 0.5%RC: 1
[INFO GPL-0067] 1.0%RC: 0.9666666587193807
[INFO GPL-0068] 2.0%RC: 0.9200000047683716
[INFO GPL-0069] 5.0%RC: 0.8136363625526428
[INFO GPL-0070] 0.5rcK: 1
[INFO GPL-0071] 1.0rcK: 1
[INFO GPL-0072] 2.0rcK: 0
[INFO GPL-0073] 5.0rcK: 0
[INFO GPL-0074] FinalRC: 0.98333335
[NesterovSolve] Iter: 300 overflow: 0.169582 HPWL: 983617
[INFO GPL-0100] worst slack 5.99e-07
[INFO GPL-0103] Weighted 8 nets.
[NesterovSolve] Iter: 310 overflow: 0.132496 HPWL: 991920
[NesterovSolve] Iter: 320 overflow: 0.108114 HPWL: 995878
[NesterovSolve] Finished with Overflow: 0.099020
[INFO] Setting RC values…
Setting global connections for newly added cells…
[INFO] Setting global connections...
Writing OpenROAD database to '/home/rtsang/chipalooza/sky130_ajc_ip__por/openlane/por_dig/runs/RUN_2024-04-12_21-04-44/22-openroad-globalplacement/por_dig.odb'…
Writing netlist to '/home/rtsang/chipalooza/sky130_ajc_ip__por/openlane/por_dig/runs/RUN_2024-04-12_21-04-44/22-openroad-globalplacement/por_dig.nl.v'…
Writing powered netlist to '/home/rtsang/chipalooza/sky130_ajc_ip__por/openlane/por_dig/runs/RUN_2024-04-12_21-04-44/22-openroad-globalplacement/por_dig.pnl.v'…
Writing layout to '/home/rtsang/chipalooza/sky130_ajc_ip__por/openlane/por_dig/runs/RUN_2024-04-12_21-04-44/22-openroad-globalplacement/por_dig.def'…
Writing timing constraints to '/home/rtsang/chipalooza/sky130_ajc_ip__por/openlane/por_dig/runs/RUN_2024-04-12_21-04-44/22-openroad-globalplacement/por_dig.sdc'…
