Reading OpenROAD database at '/home/rtsang/chipalooza/sky130_ajc_ip__por/openlane/por_dig/runs/RUN_2024-04-12_21-04-44/17-openroad-tapendcapinsertion/por_dig.odb'…
Reading library file at '/home/rtsang/.volare/volare/sky130/versions/bdc9412b3e468c102d01b7cf6337be06ec6e9c9a/sky130A/libs.ref/sky130_fd_sc_hd/lib/sky130_fd_sc_hd__tt_025C_1v80.lib'…
Reading design constraints file at '/nix/store/gz2n27iaqigc0pl644jsbk5cn7v7gs6p-python3-3.11.6-env/lib/python3.11/site-packages/openlane/scripts/base.sdc'…
[INFO] Using clock osc_ck…
[INFO] Setting output delay to: 200
[INFO] Setting input delay to: 200
[INFO] Setting load to: 0.033442
[INFO] Setting clock uncertainty to: 0.25
[INFO] Setting clock transition to: 0.1499999999999999944488848768742172978818416595458984375
[INFO] Setting timing derate to: 5%
[INFO] Setting RC values…
[INFO] Setting signal min routing layer to: met1 and clock min routing layer to met1. 
[INFO] Setting signal max routing layer to: met5 and clock max routing layer to met5. 
{*}-density 0.83 -timing_driven -routability_driven -skip_io -pad_right 0 -pad_left 0 -init_wirelength_coef 0.25
[WARNING GPL-0150] -skip_io will disable timing driven mode.
[WARNING GPL-0151] -skip_io will disable routability driven mode.
[INFO GPL-0002] DBU: 1000
[INFO GPL-0003] SiteSize: 460 2720
[INFO GPL-0004] CoreAreaLxLy: 5520 10880
[INFO GPL-0005] CoreAreaUxUy: 51980 57120
[INFO GPL-0006] NumInstances: 148
[INFO GPL-0007] NumPlaceInstances: 86
[INFO GPL-0008] NumFixedInstances: 62
[INFO GPL-0009] NumDummyInstances: 0
[INFO GPL-0010] NumNets: 95
[INFO GPL-0011] NumPins: 337
[INFO GPL-0012] DieAreaLxLy: 0 0
[INFO GPL-0013] DieAreaUxUy: 57700 68420
[INFO GPL-0014] CoreAreaLxLy: 5520 10880
[INFO GPL-0015] CoreAreaUxUy: 51980 57120
[INFO GPL-0016] CoreArea: 2148310400
[INFO GPL-0017] NonPlaceInstsArea: 162656000
[INFO GPL-0018] PlaceInstsArea: 1092297600
[INFO GPL-0019] Util(%): 55.01
[INFO GPL-0020] StdInstsArea: 1092297600
[INFO GPL-0021] MacroInstsArea: 0
[INFO GPL-0031] FillerInit: NumGCells: 131
[INFO GPL-0032] FillerInit: NumGNets: 95
[INFO GPL-0033] FillerInit: NumGPins: 337
[INFO GPL-0023] TargetDensity: 0.83
[INFO GPL-0024] AveragePlaceInstArea: 12701134
[INFO GPL-0025] IdealBinArea: 15302571
[INFO GPL-0026] IdealBinCnt: 140
[INFO GPL-0027] TotalBinArea: 2148310400
[INFO GPL-0028] BinCnt: 8 8
[INFO GPL-0029] BinSize: 5808 5780
[INFO GPL-0030] NumBins: 64
[NesterovSolve] Iter: 1 overflow: 0.899473 HPWL: 244853
[NesterovSolve] Iter: 10 overflow: 0.889179 HPWL: 212202
[NesterovSolve] Iter: 20 overflow: 0.889051 HPWL: 211815
[NesterovSolve] Iter: 30 overflow: 0.889287 HPWL: 211825
[NesterovSolve] Iter: 40 overflow: 0.889209 HPWL: 211852
[NesterovSolve] Iter: 50 overflow: 0.889231 HPWL: 211924
[NesterovSolve] Iter: 60 overflow: 0.889175 HPWL: 212070
[NesterovSolve] Iter: 70 overflow: 0.889073 HPWL: 212299
[NesterovSolve] Iter: 80 overflow: 0.888924 HPWL: 212812
[NesterovSolve] Iter: 90 overflow: 0.888467 HPWL: 213487
[NesterovSolve] Iter: 100 overflow: 0.88775 HPWL: 214171
[NesterovSolve] Iter: 110 overflow: 0.886424 HPWL: 214148
[NesterovSolve] Iter: 120 overflow: 0.882397 HPWL: 214483
[NesterovSolve] Iter: 130 overflow: 0.873047 HPWL: 215113
[NesterovSolve] Iter: 140 overflow: 0.847059 HPWL: 216221
[NesterovSolve] Iter: 150 overflow: 0.78304 HPWL: 218969
[NesterovSolve] Iter: 160 overflow: 0.723865 HPWL: 219262
[NesterovSolve] Iter: 170 overflow: 0.708492 HPWL: 222700
[NesterovSolve] Iter: 180 overflow: 0.705647 HPWL: 238841
[NesterovSolve] Iter: 190 overflow: 0.658283 HPWL: 310366
[NesterovSolve] Iter: 200 overflow: 0.652998 HPWL: 314273
[NesterovSolve] Iter: 210 overflow: 0.584121 HPWL: 352302
[NesterovSolve] Iter: 220 overflow: 0.547177 HPWL: 361322
[NesterovSolve] Iter: 230 overflow: 0.507282 HPWL: 389741
[NesterovSolve] Iter: 240 overflow: 0.465101 HPWL: 425512
[NesterovSolve] Iter: 250 overflow: 0.425527 HPWL: 461274
[NesterovSolve] Iter: 260 overflow: 0.385651 HPWL: 503772
[NesterovSolve] Iter: 270 overflow: 0.340887 HPWL: 545571
[NesterovSolve] Iter: 280 overflow: 0.298957 HPWL: 569861
[NesterovSolve] Iter: 290 overflow: 0.255444 HPWL: 594666
[NesterovSolve] Iter: 300 overflow: 0.213727 HPWL: 617433
[NesterovSolve] Iter: 310 overflow: 0.183346 HPWL: 626453
[NesterovSolve] Iter: 320 overflow: 0.162842 HPWL: 637269
[NesterovSolve] Iter: 330 overflow: 0.127527 HPWL: 651156
[NesterovSolve] Iter: 340 overflow: 0.101466 HPWL: 656550
[NesterovSolve] Finished with Overflow: 0.098358
[INFO] Setting RC values…
Setting global connections for newly added cells…
[INFO] Setting global connections...
Writing OpenROAD database to '/home/rtsang/chipalooza/sky130_ajc_ip__por/openlane/por_dig/runs/RUN_2024-04-12_21-04-44/18-openroad-globalplacementskipio/por_dig.odb'…
Writing netlist to '/home/rtsang/chipalooza/sky130_ajc_ip__por/openlane/por_dig/runs/RUN_2024-04-12_21-04-44/18-openroad-globalplacementskipio/por_dig.nl.v'…
Writing powered netlist to '/home/rtsang/chipalooza/sky130_ajc_ip__por/openlane/por_dig/runs/RUN_2024-04-12_21-04-44/18-openroad-globalplacementskipio/por_dig.pnl.v'…
Writing layout to '/home/rtsang/chipalooza/sky130_ajc_ip__por/openlane/por_dig/runs/RUN_2024-04-12_21-04-44/18-openroad-globalplacementskipio/por_dig.def'…
Writing timing constraints to '/home/rtsang/chipalooza/sky130_ajc_ip__por/openlane/por_dig/runs/RUN_2024-04-12_21-04-44/18-openroad-globalplacementskipio/por_dig.sdc'…
