
===========================================================================
Violator List
============================================================================
[hold reg-reg] _138_/Q -> _121_/RESET_B : -0.100260
[hold reg-reg] _138_/Q -> _122_/RESET_B : -0.100260
[hold reg-reg] _138_/Q -> _123_/RESET_B : -0.100260
[hold reg-reg] _138_/Q -> _124_/RESET_B : -0.100260
[hold reg-reg] _138_/Q -> _125_/RESET_B : -0.100260
[hold reg-reg] _138_/Q -> _126_/RESET_B : -0.100260
[hold reg-reg] _138_/Q -> _127_/RESET_B : -0.100260
[hold reg-reg] _138_/Q -> _128_/RESET_B : -0.100260
[hold reg-reg] _138_/Q -> _129_/RESET_B : -0.100260
[hold reg-reg] _138_/Q -> _130_/RESET_B : -0.100260
[hold reg-reg] _138_/Q -> _131_/RESET_B : -0.100260
[hold reg-reg] _138_/Q -> _132_/RESET_B : -0.100260
[hold reg-reg] _138_/Q -> _133_/RESET_B : -0.100260
[hold reg-reg] _138_/Q -> _134_/RESET_B : -0.100260
[hold reg-reg] _138_/Q -> _135_/RESET_B : -0.100260
[hold reg-reg] _138_/Q -> _136_/RESET_B : -0.100260
Writing metric timing__hold_vio__count__corner:nom_tt_025C_1v80: 16
Writing metric timing__hold_r2r__ws__corner:nom_tt_025C_1v80: -0.100260
Writing metric timing__hold_r2r_vio__count__corner:nom_tt_025C_1v80: 16
Writing metric timing__setup_vio__count__corner:nom_tt_025C_1v80: 0
Writing metric timing__setup_r2r__ws__corner:nom_tt_025C_1v80: 999.251831
Writing metric timing__setup_r2r_vio__count__corner:nom_tt_025C_1v80: 0
