Reading OpenROAD database at '/home/rtsang/chipalooza/sky130_ajc_ip__por/openlane/por_dig/runs/RUN_2024-04-15_08-19-42/29-openroad-repairdesignpostgpl/por_dig.odb'…
Reading library file at '/home/rtsang/.volare/volare/sky130/versions/bdc9412b3e468c102d01b7cf6337be06ec6e9c9a/sky130A/libs.ref/sky130_fd_sc_hd/lib/sky130_fd_sc_hd__tt_025C_1v80.lib'…
Reading design constraints file at '/nix/store/gz2n27iaqigc0pl644jsbk5cn7v7gs6p-python3-3.11.6-env/lib/python3.11/site-packages/openlane/scripts/base.sdc'…
[INFO] Using clock osc_ck…
[INFO] Setting output delay to: 200
[INFO] Setting input delay to: 200
[INFO] Setting load to: 0.033442
[INFO] Setting clock uncertainty to: 0.25
[INFO] Setting clock transition to: 0.1499999999999999944488848768742172978818416595458984375
[INFO] Setting timing derate to: 5%
Placement Analysis
---------------------------------
total displacement          0.0 u
average displacement        0.0 u
max displacement            0.0 u
original HPWL            1536.1 u
legalized HPWL           1617.8 u
delta HPWL                    5 %

[INFO DPL-0020] Mirrored 49 instances
[INFO DPL-0021] HPWL before            1617.8 u
[INFO DPL-0022] HPWL after             1536.1 u
[INFO DPL-0023] HPWL delta               -5.1 %
Setting global connections for newly added cells…
[INFO] Setting global connections...
Writing OpenROAD database to '/home/rtsang/chipalooza/sky130_ajc_ip__por/openlane/por_dig/runs/RUN_2024-04-15_08-19-42/30-openroad-detailedplacement/por_dig.odb'…
Writing netlist to '/home/rtsang/chipalooza/sky130_ajc_ip__por/openlane/por_dig/runs/RUN_2024-04-15_08-19-42/30-openroad-detailedplacement/por_dig.nl.v'…
Writing powered netlist to '/home/rtsang/chipalooza/sky130_ajc_ip__por/openlane/por_dig/runs/RUN_2024-04-15_08-19-42/30-openroad-detailedplacement/por_dig.pnl.v'…
Writing layout to '/home/rtsang/chipalooza/sky130_ajc_ip__por/openlane/por_dig/runs/RUN_2024-04-15_08-19-42/30-openroad-detailedplacement/por_dig.def'…
Writing timing constraints to '/home/rtsang/chipalooza/sky130_ajc_ip__por/openlane/por_dig/runs/RUN_2024-04-15_08-19-42/30-openroad-detailedplacement/por_dig.sdc'…
