54. Printing statistics.

=== por_dig ===

   Number of wires:                 96
   Number of wire bits:            119
   Number of public wires:          17
   Number of public wire bits:      40
   Number of memories:               0
   Number of memory bits:            0
   Number of processes:              0
   Number of cells:                110
     $_ANDNOT_                      19
     $_AND_                          6
     $_MUX_                         21
     $_NAND_                         7
     $_NOT_                          4
     $_ORNOT_                        4
     $_OR_                          14
     $_XNOR_                         1
     $_XOR_                         16
     sky130_fd_sc_hd__dfrtp_2       18

   Area for cell type $_NOT_ is unknown!
   Area for cell type $_AND_ is unknown!
   Area for cell type $_NAND_ is unknown!
   Area for cell type $_OR_ is unknown!
   Area for cell type $_XOR_ is unknown!
   Area for cell type $_XNOR_ is unknown!
   Area for cell type $_ANDNOT_ is unknown!
   Area for cell type $_ORNOT_ is unknown!
   Area for cell type $_MUX_ is unknown!

   Chip area for module '\por_dig': 472.953600

