48. Printing statistics.

=== por_dig ===

   Number of wires:                 80
   Number of wire bits:            103
   Number of public wires:          17
   Number of public wire bits:      40
   Number of memories:               0
   Number of memory bits:            0
   Number of processes:              0
   Number of cells:                 94
     $_ANDNOT_                      19
     $_AND_                          6
     $_DFFE_PN0N_                    5
     $_DFFE_PN0P_                   11
     $_DFF_PN0_                      2
     $_MUX_                          5
     $_NAND_                         7
     $_NOT_                          4
     $_ORNOT_                        4
     $_OR_                          14
     $_XNOR_                         1
     $_XOR_                         16

   Area for cell type $_NOT_ is unknown!
   Area for cell type $_AND_ is unknown!
   Area for cell type $_NAND_ is unknown!
   Area for cell type $_OR_ is unknown!
   Area for cell type $_XOR_ is unknown!
   Area for cell type $_XNOR_ is unknown!
   Area for cell type $_ANDNOT_ is unknown!
   Area for cell type $_ORNOT_ is unknown!
   Area for cell type $_MUX_ is unknown!
   Area for cell type $_DFF_PN0_ is unknown!
   Area for cell type $_DFFE_PN0N_ is unknown!
   Area for cell type $_DFFE_PN0P_ is unknown!

