62. Printing statistics.

=== por_dig ===

   Number of wires:                 85
   Number of wire bits:             94
   Number of public wires:          31
   Number of public wire bits:      40
   Number of memories:               0
   Number of memory bits:            0
   Number of processes:              0
   Number of cells:                 85
     sky130_fd_sc_hd__a211o_2        1
     sky130_fd_sc_hd__a21bo_2        1
     sky130_fd_sc_hd__a21o_2         5
     sky130_fd_sc_hd__a21oi_2        4
     sky130_fd_sc_hd__a31o_2         3
     sky130_fd_sc_hd__a41o_2         1
     sky130_fd_sc_hd__and2_2         2
     sky130_fd_sc_hd__and3_2         6
     sky130_fd_sc_hd__and3b_2        3
     sky130_fd_sc_hd__and4_2         2
     sky130_fd_sc_hd__dfrtp_2       18
     sky130_fd_sc_hd__inv_2          2
     sky130_fd_sc_hd__mux2_1         1
     sky130_fd_sc_hd__nand2_2        6
     sky130_fd_sc_hd__nand2b_2       2
     sky130_fd_sc_hd__nand3_2        1
     sky130_fd_sc_hd__nand4_2        4
     sky130_fd_sc_hd__nor2_2         2
     sky130_fd_sc_hd__nor3_2         2
     sky130_fd_sc_hd__nor3b_2        3
     sky130_fd_sc_hd__o2111a_2       1
     sky130_fd_sc_hd__o211a_2        1
     sky130_fd_sc_hd__o21a_2         2
     sky130_fd_sc_hd__o21ai_2        5
     sky130_fd_sc_hd__o311a_2        1
     sky130_fd_sc_hd__or2_2          2
     sky130_fd_sc_hd__or3b_2         1
     sky130_fd_sc_hd__xnor2_2        1
     sky130_fd_sc_hd__xor2_2         2

   Chip area for module '\por_dig': 1088.544000

