54. Printing statistics.

=== por_dig ===

   Number of wires:                111
   Number of wire bits:            135
   Number of public wires:          17
   Number of public wire bits:      41
   Number of memories:               0
   Number of memory bits:            0
   Number of processes:              0
   Number of cells:                126
     $_ANDNOT_                      27
     $_AND_                          5
     $_MUX_                         23
     $_NAND_                         7
     $_NOR_                          1
     $_NOT_                          5
     $_ORNOT_                        7
     $_OR_                          13
     $_XNOR_                         3
     $_XOR_                         16
     sky130_fd_sc_hd__dfrtp_2       19

   Area for cell type $_NOT_ is unknown!
   Area for cell type $_AND_ is unknown!
   Area for cell type $_NAND_ is unknown!
   Area for cell type $_OR_ is unknown!
   Area for cell type $_NOR_ is unknown!
   Area for cell type $_XOR_ is unknown!
   Area for cell type $_XNOR_ is unknown!
   Area for cell type $_ANDNOT_ is unknown!
   Area for cell type $_ORNOT_ is unknown!
   Area for cell type $_MUX_ is unknown!

   Chip area for module '\por_dig': 499.228800

