62. Printing statistics.

=== por_dig ===

   Number of wires:                 82
   Number of wire bits:             91
   Number of public wires:          32
   Number of public wire bits:      41
   Number of memories:               0
   Number of memory bits:            0
   Number of processes:              0
   Number of cells:                 82
     sky130_fd_sc_hd__a211oi_2       1
     sky130_fd_sc_hd__a21oi_2        2
     sky130_fd_sc_hd__a22o_2         1
     sky130_fd_sc_hd__a31o_2         1
     sky130_fd_sc_hd__a32o_2         1
     sky130_fd_sc_hd__a41o_2         2
     sky130_fd_sc_hd__and2_2         4
     sky130_fd_sc_hd__and2b_2        2
     sky130_fd_sc_hd__and3_2         3
     sky130_fd_sc_hd__and3b_2        5
     sky130_fd_sc_hd__and4_2         4
     sky130_fd_sc_hd__and4bb_2       1
     sky130_fd_sc_hd__dfrtp_2       19
     sky130_fd_sc_hd__inv_2          5
     sky130_fd_sc_hd__mux2_1         1
     sky130_fd_sc_hd__nand2_2        3
     sky130_fd_sc_hd__nor2_2         1
     sky130_fd_sc_hd__nor3_2         1
     sky130_fd_sc_hd__nor3b_2        3
     sky130_fd_sc_hd__o211a_2        3
     sky130_fd_sc_hd__o21ai_2        1
     sky130_fd_sc_hd__o21ba_2        2
     sky130_fd_sc_hd__o21bai_2       2
     sky130_fd_sc_hd__o2bb2a_2       2
     sky130_fd_sc_hd__o311a_2        1
     sky130_fd_sc_hd__o32a_2         1
     sky130_fd_sc_hd__or2_2          2
     sky130_fd_sc_hd__or3b_2         2
     sky130_fd_sc_hd__or4b_2         1
     sky130_fd_sc_hd__or4bb_2        1
     sky130_fd_sc_hd__xor2_2         4

   Chip area for module '\por_dig': 1101.056000

