Reading OpenROAD database at '/home/rtsang/chipalooza/sky130_ajc_ip__por/openlane/por_dig/runs/RUN_2024-04-15_08-19-42/19-openroad-ioplacement/por_dig.odb'…
Reading library file at '/home/rtsang/.volare/volare/sky130/versions/bdc9412b3e468c102d01b7cf6337be06ec6e9c9a/sky130A/libs.ref/sky130_fd_sc_hd/lib/sky130_fd_sc_hd__tt_025C_1v80.lib'…
Reading design constraints file at '/nix/store/gz2n27iaqigc0pl644jsbk5cn7v7gs6p-python3-3.11.6-env/lib/python3.11/site-packages/openlane/scripts/base.sdc'…
[INFO] Using clock osc_ck…
[INFO] Setting output delay to: 200
[INFO] Setting input delay to: 200
[INFO] Setting load to: 0.033442
[INFO] Setting clock uncertainty to: 0.25
[INFO] Setting clock transition to: 0.1499999999999999944488848768742172978818416595458984375
[INFO] Setting timing derate to: 5%
[INFO] Setting RC values…
[INFO] Setting signal min routing layer to: met1 and clock min routing layer to met1. 
[INFO] Setting signal max routing layer to: met5 and clock max routing layer to met5. 
{*}-density 0.83 -timing_driven -routability_driven -pad_right 0 -pad_left 0 -init_wirelength_coef 0.25
[INFO GPL-0002] DBU: 1000
[INFO GPL-0003] SiteSize: 460 2720
[INFO GPL-0004] CoreAreaLxLy: 5520 10880
[INFO GPL-0005] CoreAreaUxUy: 52440 57120
[INFO GPL-0006] NumInstances: 145
[INFO GPL-0007] NumPlaceInstances: 83
[INFO GPL-0008] NumFixedInstances: 62
[INFO GPL-0009] NumDummyInstances: 0
[INFO GPL-0010] NumNets: 92
[INFO GPL-0011] NumPins: 350
[INFO GPL-0012] DieAreaLxLy: 0 0
[INFO GPL-0013] DieAreaUxUy: 57965 68685
[INFO GPL-0014] CoreAreaLxLy: 5520 10880
[INFO GPL-0015] CoreAreaUxUy: 52440 57120
[INFO GPL-0016] CoreArea: 2169580800
[INFO GPL-0017] NonPlaceInstsArea: 162656000
[INFO GPL-0018] PlaceInstsArea: 1104809600
[INFO GPL-0019] Util(%): 55.05
[INFO GPL-0020] StdInstsArea: 1104809600
[INFO GPL-0021] MacroInstsArea: 0
[InitialPlace]  Iter: 1 CG residual: 0.00000011 HPWL: 1790142
[InitialPlace]  Iter: 2 CG residual: 0.00000007 HPWL: 1220647
[InitialPlace]  Iter: 3 CG residual: 0.00000011 HPWL: 1184888
[InitialPlace]  Iter: 4 CG residual: 0.00000009 HPWL: 1168141
[InitialPlace]  Iter: 5 CG residual: 0.00000010 HPWL: 1160072
[INFO GPL-0031] FillerInit: NumGCells: 126
[INFO GPL-0032] FillerInit: NumGNets: 92
[INFO GPL-0033] FillerInit: NumGPins: 350
[INFO GPL-0023] TargetDensity: 0.83
[INFO GPL-0024] AveragePlaceInstArea: 13310959
[INFO GPL-0025] IdealBinArea: 16037300
[INFO GPL-0026] IdealBinCnt: 135
[INFO GPL-0027] TotalBinArea: 2169580800
[INFO GPL-0028] BinCnt: 8 8
[INFO GPL-0029] BinSize: 5865 5780
[INFO GPL-0030] NumBins: 64
[NesterovSolve] Iter: 1 overflow: 0.799213 HPWL: 703838
[INFO GPL-0100] worst slack 5.99e-07
[INFO GPL-0103] Weighted 8 nets.
[NesterovSolve] Iter: 10 overflow: 0.761368 HPWL: 722613
[NesterovSolve] Iter: 20 overflow: 0.718931 HPWL: 725687
[NesterovSolve] Iter: 30 overflow: 0.686599 HPWL: 721560
[NesterovSolve] Iter: 40 overflow: 0.657468 HPWL: 723622
[NesterovSolve] Iter: 50 overflow: 0.690144 HPWL: 723150
[NesterovSolve] Iter: 60 overflow: 0.686725 HPWL: 722640
[NesterovSolve] Iter: 70 overflow: 0.660288 HPWL: 721475
[NesterovSolve] Iter: 80 overflow: 0.650539 HPWL: 719602
[NesterovSolve] Iter: 90 overflow: 0.649617 HPWL: 719285
[NesterovSolve] Iter: 100 overflow: 0.650876 HPWL: 720464
[NesterovSolve] Iter: 110 overflow: 0.657202 HPWL: 721937
[NesterovSolve] Iter: 120 overflow: 0.66077 HPWL: 723170
[NesterovSolve] Iter: 130 overflow: 0.660229 HPWL: 723994
[NesterovSolve] Iter: 140 overflow: 0.660858 HPWL: 724599
[NesterovSolve] Iter: 150 overflow: 0.664916 HPWL: 725159
[NesterovSolve] Iter: 160 overflow: 0.677721 HPWL: 728089
[NesterovSolve] Iter: 170 overflow: 0.682482 HPWL: 735888
[NesterovSolve] Iter: 180 overflow: 0.657354 HPWL: 743080
[INFO GPL-0100] worst slack 5.99e-07
[INFO GPL-0103] Weighted 8 nets.
[NesterovSolve] Iter: 190 overflow: 0.62099 HPWL: 753736
[NesterovSolve] Iter: 200 overflow: 0.598834 HPWL: 762783
[NesterovSolve] Snapshot saved at iter = 199
[NesterovSolve] Iter: 210 overflow: 0.576581 HPWL: 781977
[NesterovSolve] Iter: 220 overflow: 0.548279 HPWL: 797582
[NesterovSolve] Iter: 230 overflow: 0.512079 HPWL: 819629
[INFO GPL-0100] worst slack 5.99e-07
[INFO GPL-0103] Weighted 8 nets.
[NesterovSolve] Iter: 240 overflow: 0.472855 HPWL: 843148
[NesterovSolve] Iter: 250 overflow: 0.435244 HPWL: 869268
[NesterovSolve] Iter: 260 overflow: 0.399673 HPWL: 898737
[NesterovSolve] Iter: 270 overflow: 0.352019 HPWL: 921326
[NesterovSolve] Iter: 280 overflow: 0.305248 HPWL: 938694
[INFO GPL-0100] worst slack 5.99e-07
[INFO GPL-0103] Weighted 8 nets.
[NesterovSolve] Iter: 290 overflow: 0.268247 HPWL: 953335
[NesterovSolve] Iter: 300 overflow: 0.232906 HPWL: 973160
[NesterovSolve] Iter: 310 overflow: 0.20265 HPWL: 986317
[INFO GPL-0100] worst slack 5.99e-07
[INFO GPL-0103] Weighted 8 nets.
[INFO GPL-0075] Routability numCall: 1 inflationIterCnt: 1 bloatIterCnt: 0
[INFO GPL-0036] TileLxLy: 0 0
[INFO GPL-0037] TileSize: 6900 6900
[INFO GPL-0038] TileCnt: 8 9
[INFO GPL-0039] numRoutingLayers: 6
[INFO GPL-0040] NumTiles: 72
[INFO GPL-0063] TotalRouteOverflowH2: 0
[INFO GPL-0064] TotalRouteOverflowV2: 0
[INFO GPL-0065] OverflowTileCnt2: 0
[INFO GPL-0066] 0.5%RC: 1
[INFO GPL-0067] 1.0%RC: 0.9666666587193807
[INFO GPL-0068] 2.0%RC: 0.9
[INFO GPL-0069] 5.0%RC: 0.7727272618900646
[INFO GPL-0070] 0.5rcK: 1
[INFO GPL-0071] 1.0rcK: 1
[INFO GPL-0072] 2.0rcK: 0
[INFO GPL-0073] 5.0rcK: 0
[INFO GPL-0074] FinalRC: 0.98333335
[NesterovSolve] Iter: 320 overflow: 0.167604 HPWL: 996194
[INFO GPL-0100] worst slack 5.99e-07
[INFO GPL-0103] Weighted 8 nets.
[NesterovSolve] Iter: 330 overflow: 0.135439 HPWL: 1008959
[NesterovSolve] Iter: 340 overflow: 0.106247 HPWL: 1020558
[NesterovSolve] Finished with Overflow: 0.098988
[INFO] Setting RC values…
Setting global connections for newly added cells…
[INFO] Setting global connections...
Writing OpenROAD database to '/home/rtsang/chipalooza/sky130_ajc_ip__por/openlane/por_dig/runs/RUN_2024-04-15_08-19-42/22-openroad-globalplacement/por_dig.odb'…
Writing netlist to '/home/rtsang/chipalooza/sky130_ajc_ip__por/openlane/por_dig/runs/RUN_2024-04-15_08-19-42/22-openroad-globalplacement/por_dig.nl.v'…
Writing powered netlist to '/home/rtsang/chipalooza/sky130_ajc_ip__por/openlane/por_dig/runs/RUN_2024-04-15_08-19-42/22-openroad-globalplacement/por_dig.pnl.v'…
Writing layout to '/home/rtsang/chipalooza/sky130_ajc_ip__por/openlane/por_dig/runs/RUN_2024-04-15_08-19-42/22-openroad-globalplacement/por_dig.def'…
Writing timing constraints to '/home/rtsang/chipalooza/sky130_ajc_ip__por/openlane/por_dig/runs/RUN_2024-04-15_08-19-42/22-openroad-globalplacement/por_dig.sdc'…
