
===========================================================================
report_checks -unconstrained
===========================================================================
======================= nom_tt_025C_1v80 Corner ===================================

Startpoint: pwup_filt (input port clocked by osc_ck)
Endpoint: _137_ (recovery check against rising-edge clock osc_ck)
Path Group: asynchronous
Path Type: max

Fanout         Cap        Slew       Delay        Time   Description
---------------------------------------------------------------------------------------------
                                  0.000000    0.000000   clock osc_ck (rise edge)
                                  0.000000    0.000000   clock network delay (propagated)
                                200.000000  200.000000 ^ input external delay
     3    0.008796    0.047307    0.030070  200.030060 ^ pwup_filt (in)
                                                         pwup_filt (net)
                      0.047307    0.000000  200.030060 ^ _137_/RESET_B (sky130_fd_sc_hd__dfrtp_2)
                                            200.030060   data arrival time

                               1000.000000 1000.000000   clock osc_ck (rise edge)
                                  0.000000 1000.000000   clock source latency
    18    0.033660    0.158682    0.108116 1000.108154 ^ osc_ck (in)
                                                         osc_ck (net)
                      0.158682    0.000000 1000.108154 ^ _137_/CLK (sky130_fd_sc_hd__dfrtp_2)
                                 -0.250000  999.858154   clock uncertainty
                                  0.000000  999.858154   clock reconvergence pessimism
                                  0.253402 1000.111572   library recovery time
                                           1000.111572   data required time
---------------------------------------------------------------------------------------------
                                           1000.111572   data required time
                                           -200.030060   data arrival time
---------------------------------------------------------------------------------------------
                                            800.081482   slack (MET)


Startpoint: pwup_filt (input port clocked by osc_ck)
Endpoint: osc_ena (output port clocked by osc_ck)
Path Group: osc_ck
Path Type: max

Fanout         Cap        Slew       Delay        Time   Description
---------------------------------------------------------------------------------------------
                                  0.000000    0.000000   clock osc_ck (rise edge)
                                  0.000000    0.000000   clock network delay (propagated)
                                200.000000  200.000000 ^ input external delay
     3    0.008796    0.047307    0.030070  200.030060 ^ pwup_filt (in)
                                                         pwup_filt (net)
                      0.047307    0.000000  200.030060 ^ _074_/C_N (sky130_fd_sc_hd__or3b_2)
     1    0.004346    0.083445    0.443649  200.473709 v _074_/X (sky130_fd_sc_hd__or3b_2)
                                                         _038_ (net)
                      0.083445    0.000000  200.473709 v _075_/B (sky130_fd_sc_hd__nand2b_2)
     1    0.033442    0.190670    0.182538  200.656250 ^ _075_/Y (sky130_fd_sc_hd__nand2b_2)
                                                         osc_ena (net)
                      0.190670    0.000000  200.656250 ^ osc_ena (out)
                                            200.656250   data arrival time

                               1000.000000 1000.000000   clock osc_ck (rise edge)
                                  0.000000 1000.000000   clock network delay (propagated)
                                 -0.250000  999.750000   clock uncertainty
                                  0.000000  999.750000   clock reconvergence pessimism
                               -200.000000  799.750061   output external delay
                                            799.750061   data required time
---------------------------------------------------------------------------------------------
                                            799.750061   data required time
                                           -200.656250   data arrival time
---------------------------------------------------------------------------------------------
                                            599.093811   slack (MET)




===========================================================================
report_checks --slack_max -0.01
============================================================================
======================= nom_tt_025C_1v80 Corner ===================================

No paths found.


===========================================================================
 report_check_types -max_slew -max_cap -max_fanout -violators
============================================================================
======================= nom_tt_025C_1v80 Corner ===================================

max fanout

Pin                                   Limit Fanout  Slack
---------------------------------------------------------
_076_/X                                  10     21    -11 (VIOLATED)
osc_ck                                   10     18     -8 (VIOLATED)
_138_/Q                                  10     16     -6 (VIOLATED)



===========================================================================
report_parasitic_annotation -report_unannotated
============================================================================
Found 94 unannotated drivers.
 force_dis_rc_osc
 force_ena_rc_osc
 force_pdn
 force_short_oneshot
 osc_ck
 otrip[0]
 otrip[1]
 otrip[2]
 pwup_filt
 _054_/Y
 _055_/Y
 _056_/X
 _057_/X
 _058_/Y
 _059_/X
 _060_/X
 _061_/Y
 _062_/Y
 _063_/Y
 _064_/Y
 _065_/Y
 _066_/Y
 _067_/Y
 _068_/Y
 _069_/X
 _070_/Y
 _071_/X
 _072_/X
 _073_/X
 _074_/X
 _075_/Y
 _076_/X
 _077_/Y
 _078_/Y
 _079_/X
 _080_/X
 _081_/Y
 _082_/Y
 _083_/Y
 _084_/X
 _085_/X
 _086_/X
 _087_/X
 _088_/X
 _089_/Y
 _090_/X
 _091_/X
 _092_/Y
 _093_/Y
 _094_/X
 _095_/Y
 _096_/Y
 _097_/X
 _098_/X
 _099_/X
 _100_/Y
 _101_/X
 _102_/X
 _103_/Y
 _104_/Y
 _105_/X
 _106_/Y
 _107_/X
 _108_/X
 _109_/Y
 _110_/X
 _111_/Y
 _112_/X
 _113_/Y
 _114_/X
 _115_/Y
 _116_/X
 _117_/Y
 _118_/X
 _119_/X
 _120_/X
 _121_/Q
 _122_/Q
 _123_/Q
 _124_/Q
 _125_/Q
 _126_/Q
 _127_/Q
 _128_/Q
 _129_/Q
 _130_/Q
 _131_/Q
 _132_/Q
 _133_/Q
 _134_/Q
 _135_/Q
 _136_/Q
 _137_/Q
 _138_/Q
Found 0 partially unannotated drivers.

===========================================================================
max slew violation count 0
max fanout violation count 3
max cap violation count 0
============================================================================

===========================================================================
check_setup -verbose -unconstrained_endpoints -multiple_clock -no_clock -no_input_delay -loops -generated_clocks
===========================================================================
Warning: There is 1 unconstrained endpoint.
  _137_/D
