
===========================================================================
report_checks -unconstrained
===========================================================================
======================= nom_ff_n40C_1v95 Corner ===================================

Startpoint: pwup_filt (input port clocked by osc_ck)
Endpoint: _137_ (recovery check against rising-edge clock osc_ck)
Path Group: asynchronous
Path Type: max

Fanout         Cap        Slew       Delay        Time   Description
---------------------------------------------------------------------------------------------
                                  0.000000    0.000000   clock osc_ck (rise edge)
                                  0.000000    0.000000   clock network delay (propagated)
                                200.000000  200.000000 ^ input external delay
     1    0.003729    0.017257    0.009692  200.009689 ^ pwup_filt (in)
                                                         pwup_filt (net)
                      0.017258    0.000000  200.009689 ^ input8/A (sky130_fd_sc_hd__buf_1)
     3    0.010274    0.094853    0.092456  200.102142 ^ input8/X (sky130_fd_sc_hd__buf_1)
                                                         net8 (net)
                      0.094854    0.000199  200.102341 ^ _137_/RESET_B (sky130_fd_sc_hd__dfrtp_1)
                                            200.102341   data arrival time

                               1000.000000 1000.000000   clock osc_ck (rise edge)
                                  0.000000 1000.000000   clock source latency
     1    0.012499    0.046998    0.031264 1000.031311 ^ osc_ck (in)
                                                         osc_ck (net)
                      0.047002    0.000000 1000.031311 ^ clkbuf_0_osc_ck/A (sky130_fd_sc_hd__clkbuf_16)
     2    0.018777    0.030395    0.088107 1000.119385 ^ clkbuf_0_osc_ck/X (sky130_fd_sc_hd__clkbuf_16)
                                                         clknet_0_osc_ck (net)
                      0.030397    0.000455 1000.119873 ^ clkbuf_1_0__f_osc_ck/A (sky130_fd_sc_hd__clkbuf_16)
     9    0.026548    0.035625    0.088676 1000.208557 ^ clkbuf_1_0__f_osc_ck/X (sky130_fd_sc_hd__clkbuf_16)
                                                         clknet_1_0__leaf_osc_ck (net)
                      0.035655    0.000796 1000.209351 ^ _137_/CLK (sky130_fd_sc_hd__dfrtp_1)
                                 -0.250000  999.959351   clock uncertainty
                                  0.000000  999.959351   clock reconvergence pessimism
                                  0.132428 1000.091797   library recovery time
                                           1000.091797   data required time
---------------------------------------------------------------------------------------------
                                           1000.091797   data required time
                                           -200.102341   data arrival time
---------------------------------------------------------------------------------------------
                                            799.989380   slack (MET)


Startpoint: pwup_filt (input port clocked by osc_ck)
Endpoint: osc_ena (output port clocked by osc_ck)
Path Group: osc_ck
Path Type: max

Fanout         Cap        Slew       Delay        Time   Description
---------------------------------------------------------------------------------------------
                                  0.000000    0.000000   clock osc_ck (rise edge)
                                  0.000000    0.000000   clock network delay (propagated)
                                200.000000  200.000000 ^ input external delay
     1    0.003729    0.017257    0.009692  200.009689 ^ pwup_filt (in)
                                                         pwup_filt (net)
                      0.017258    0.000000  200.009689 ^ input8/A (sky130_fd_sc_hd__buf_1)
     3    0.010274    0.094853    0.092456  200.102142 ^ input8/X (sky130_fd_sc_hd__buf_1)
                                                         net8 (net)
                      0.094854    0.000199  200.102341 ^ _074_/C_N (sky130_fd_sc_hd__or3b_1)
     1    0.002729    0.042388    0.195683  200.298019 v _074_/X (sky130_fd_sc_hd__or3b_1)
                                                         _038_ (net)
                      0.042388    0.000085  200.298111 v _075_/B (sky130_fd_sc_hd__nand2b_1)
     1    0.002197    0.033683    0.046654  200.344757 ^ _075_/Y (sky130_fd_sc_hd__nand2b_1)
                                                         net10 (net)
                      0.033683    0.000057  200.344818 ^ output10/A (sky130_fd_sc_hd__buf_2)
     1    0.034323    0.128400    0.138144  200.482971 ^ output10/X (sky130_fd_sc_hd__buf_2)
                                                         osc_ena (net)
                      0.128406    0.000696  200.483658 ^ osc_ena (out)
                                            200.483658   data arrival time

                               1000.000000 1000.000000   clock osc_ck (rise edge)
                                  0.000000 1000.000000   clock network delay (propagated)
                                 -0.250000  999.750000   clock uncertainty
                                  0.000000  999.750000   clock reconvergence pessimism
                               -200.000000  799.750061   output external delay
                                            799.750061   data required time
---------------------------------------------------------------------------------------------
                                            799.750061   data required time
                                           -200.483658   data arrival time
---------------------------------------------------------------------------------------------
                                            599.266357   slack (MET)




===========================================================================
report_checks --slack_max -0.01
============================================================================
======================= nom_ff_n40C_1v95 Corner ===================================

No paths found.


===========================================================================
 report_check_types -max_slew -max_cap -max_fanout -violators
============================================================================
======================= nom_ff_n40C_1v95 Corner ===================================



===========================================================================
report_parasitic_annotation -report_unannotated
============================================================================
Found 1 unannotated drivers.
 _137__26/LO
Found 0 partially unannotated drivers.

===========================================================================
max slew violation count 0
max fanout violation count 0
max cap violation count 0
============================================================================

===========================================================================
check_setup -verbose -unconstrained_endpoints -multiple_clock -no_clock -no_input_delay -loops -generated_clocks
===========================================================================
Warning: There is 1 unconstrained endpoint.
  _137_/D
